{"meta": {"format": 3, "version": "7.13.5", "timestamp": "2026-04-04T20:43:18.105455", "branch_coverage": true, "show_contexts": false}, "files": {"src/scholar_mcp/__init__.py": {"executed_lines": [], "summary": {"covered_lines": 0, "num_statements": 0, "percent_covered": 100.0, "percent_covered_display": "100", "missing_lines": 0, "excluded_lines": 0, "percent_statements_covered": 100.0, "percent_statements_covered_display": "100", "num_branches": 0, "num_partial_branches": 0, "covered_branches": 0, "missing_branches": 0, "percent_branches_covered": 100.0, "percent_branches_covered_display": "100"}, "missing_lines": [], "excluded_lines": [], "executed_branches": [], "missing_branches": [], "functions": {"": {"executed_lines": [], "summary": {"covered_lines": 0, "num_statements": 0, "percent_covered": 100.0, "percent_covered_display": "100", "missing_lines": 0, "excluded_lines": 0, "percent_statements_covered": 100.0, "percent_statements_covered_display": "100", "num_branches": 0, "num_partial_branches": 0, "covered_branches": 0, "missing_branches": 0, "percent_branches_covered": 100.0, "percent_branches_covered_display": "100"}, "missing_lines": [], "excluded_lines": [], "start_line": 1, "executed_branches": [], "missing_branches": []}}, "classes": {"": {"executed_lines": [], "summary": {"covered_lines": 0, "num_statements": 0, "percent_covered": 100.0, "percent_covered_display": "100", "missing_lines": 0, "excluded_lines": 0, "percent_statements_covered": 100.0, "percent_statements_covered_display": "100", "num_branches": 0, "num_partial_branches": 0, "covered_branches": 0, "missing_branches": 0, "percent_branches_covered": 100.0, "percent_branches_covered_display": "100"}, "missing_lines": [], "excluded_lines": [], "start_line": 1, "executed_branches": [], "missing_branches": []}}}, "src/scholar_mcp/_cache.py": {"executed_lines": [3, 5, 6, 7, 8, 9, 11, 13, 16, 17, 18, 19, 20, 22, 67, 70, 82, 84, 87, 94, 95, 96, 98, 100, 101, 102, 103, 104, 106, 108, 109, 110, 116, 125, 126, 129, 130, 131, 132, 133, 134, 136, 143, 144, 148, 154, 163, 164, 168, 169, 170, 171, 173, 180, 181, 185, 191, 200, 201, 204, 205, 206, 207, 209, 216, 217, 221, 227, 236, 237, 240, 241, 242, 243, 245, 252, 253, 257, 263, 272, 273, 276, 277, 278, 279, 281, 288, 289, 293, 299, 308, 309, 312, 313, 315, 322, 323, 327, 333, 340, 341, 342, 343, 344, 345, 346, 349, 351, 358, 359, 360, 361, 363, 364, 365, 366, 367], "summary": {"covered_lines": 117, "num_statements": 118, "percent_covered": 97.88732394366197, "percent_covered_display": "98", "missing_lines": 1, "excluded_lines": 0, "percent_statements_covered": 99.15254237288136, "percent_statements_covered_display": "99", "num_branches": 24, "num_partial_branches": 2, "covered_branches": 22, "missing_branches": 2, "percent_branches_covered": 91.66666666666667, "percent_branches_covered_display": "92"}, "missing_lines": [83], "excluded_lines": [], "executed_branches": [[82, 84], [108, 109], [130, 131], [130, 132], [132, 133], [132, 134], [169, 170], [169, 171], [205, 206], [205, 207], [241, 242], [241, 243], [277, 278], [277, 279], [342, 343], [342, 346], [359, 360], [359, 363], [360, 361], [360, 366], [364, 365], [364, 366]], "missing_branches": [[82, 83], [108, -106]], "functions": {"_require_open": {"executed_lines": [82, 84], "summary": {"covered_lines": 2, "num_statements": 3, "percent_covered": 60.0, "percent_covered_display": "60", "missing_lines": 1, "excluded_lines": 0, "percent_statements_covered": 66.66666666666667, "percent_statements_covered_display": "67", "num_branches": 2, "num_partial_branches": 1, "covered_branches": 1, "missing_branches": 1, "percent_branches_covered": 50.0, "percent_branches_covered_display": "50"}, "missing_lines": [83], "excluded_lines": [], "start_line": 70, "executed_branches": [[82, 84]], "missing_branches": [[82, 83]]}, "ScholarCache.__init__": {"executed_lines": [95, 96], "summary": {"covered_lines": 2, "num_statements": 2, "percent_covered": 100.0, "percent_covered_display": "100", "missing_lines": 0, "excluded_lines": 0, "percent_statements_covered": 100.0, "percent_statements_covered_display": "100", "num_branches": 0, "num_partial_branches": 0, "covered_branches": 0, "missing_branches": 0, "percent_branches_covered": 100.0, "percent_branches_covered_display": "100"}, "missing_lines": [], "excluded_lines": [], "start_line": 94, "executed_branches": [], "missing_branches": []}, "ScholarCache.open": {"executed_lines": [100, 101, 102, 103, 104], "summary": {"covered_lines": 5, "num_statements": 5, "percent_covered": 100.0, "percent_covered_display": "100", "missing_lines": 0, "excluded_lines": 0, "percent_statements_covered": 100.0, "percent_statements_covered_display": "100", "num_branches": 0, "num_partial_branches": 0, "covered_branches": 0, "missing_branches": 0, "percent_branches_covered": 100.0, "percent_branches_covered_display": "100"}, "missing_lines": [], "excluded_lines": [], "start_line": 98, "executed_branches": [], "missing_branches": []}, "ScholarCache.close": {"executed_lines": [108, 109, 110], "summary": {"covered_lines": 3, "num_statements": 3, "percent_covered": 80.0, "percent_covered_display": "80", "missing_lines": 0, "excluded_lines": 0, "percent_statements_covered": 100.0, "percent_statements_covered_display": "100", "num_branches": 2, "num_partial_branches": 1, "covered_branches": 1, "missing_branches": 1, "percent_branches_covered": 50.0, "percent_branches_covered_display": "50"}, "missing_lines": [], "excluded_lines": [], "start_line": 106, "executed_branches": [[108, 109]], "missing_branches": [[108, -106]]}, "ScholarCache.get_paper": {"executed_lines": [125, 126, 129, 130, 131, 132, 133, 134], "summary": {"covered_lines": 8, "num_statements": 8, "percent_covered": 100.0, "percent_covered_display": "100", "missing_lines": 0, "excluded_lines": 0, "percent_statements_covered": 100.0, "percent_statements_covered_display": "100", "num_branches": 4, "num_partial_branches": 0, "covered_branches": 4, "missing_branches": 0, "percent_branches_covered": 100.0, "percent_branches_covered_display": "100"}, "missing_lines": [], "excluded_lines": [], "start_line": 116, "executed_branches": [[130, 131], [130, 132], [132, 133], [132, 134]], "missing_branches": []}, "ScholarCache.set_paper": {"executed_lines": [143, 144, 148], "summary": {"covered_lines": 3, "num_statements": 3, "percent_covered": 100.0, "percent_covered_display": "100", "missing_lines": 0, "excluded_lines": 0, "percent_statements_covered": 100.0, "percent_statements_covered_display": "100", "num_branches": 0, "num_partial_branches": 0, "covered_branches": 0, "missing_branches": 0, "percent_branches_covered": 100.0, "percent_branches_covered_display": "100"}, "missing_lines": [], "excluded_lines": [], "start_line": 136, "executed_branches": [], "missing_branches": []}, "ScholarCache.get_citations": {"executed_lines": [163, 164, 168, 169, 170, 171], "summary": {"covered_lines": 6, "num_statements": 6, "percent_covered": 100.0, "percent_covered_display": "100", "missing_lines": 0, "excluded_lines": 0, "percent_statements_covered": 100.0, "percent_statements_covered_display": "100", "num_branches": 2, "num_partial_branches": 0, "covered_branches": 2, "missing_branches": 0, "percent_branches_covered": 100.0, "percent_branches_covered_display": "100"}, "missing_lines": [], "excluded_lines": [], "start_line": 154, "executed_branches": [[169, 170], [169, 171]], "missing_branches": []}, "ScholarCache.set_citations": {"executed_lines": [180, 181, 185], "summary": {"covered_lines": 3, "num_statements": 3, "percent_covered": 100.0, "percent_covered_display": "100", "missing_lines": 0, "excluded_lines": 0, "percent_statements_covered": 100.0, "percent_statements_covered_display": "100", "num_branches": 0, "num_partial_branches": 0, "covered_branches": 0, "missing_branches": 0, "percent_branches_covered": 100.0, "percent_branches_covered_display": "100"}, "missing_lines": [], "excluded_lines": [], "start_line": 173, "executed_branches": [], "missing_branches": []}, "ScholarCache.get_references": {"executed_lines": [200, 201, 204, 205, 206, 207], "summary": {"covered_lines": 6, "num_statements": 6, "percent_covered": 100.0, "percent_covered_display": "100", "missing_lines": 0, "excluded_lines": 0, "percent_statements_covered": 100.0, "percent_statements_covered_display": "100", "num_branches": 2, "num_partial_branches": 0, "covered_branches": 2, "missing_branches": 0, "percent_branches_covered": 100.0, "percent_branches_covered_display": "100"}, "missing_lines": [], "excluded_lines": [], "start_line": 191, "executed_branches": [[205, 206], [205, 207]], "missing_branches": []}, "ScholarCache.set_references": {"executed_lines": [216, 217, 221], "summary": {"covered_lines": 3, "num_statements": 3, "percent_covered": 100.0, "percent_covered_display": "100", "missing_lines": 0, "excluded_lines": 0, "percent_statements_covered": 100.0, "percent_statements_covered_display": "100", "num_branches": 0, "num_partial_branches": 0, "covered_branches": 0, "missing_branches": 0, "percent_branches_covered": 100.0, "percent_branches_covered_display": "100"}, "missing_lines": [], "excluded_lines": [], "start_line": 209, "executed_branches": [], "missing_branches": []}, "ScholarCache.get_author": {"executed_lines": [236, 237, 240, 241, 242, 243], "summary": {"covered_lines": 6, "num_statements": 6, "percent_covered": 100.0, "percent_covered_display": "100", "missing_lines": 0, "excluded_lines": 0, "percent_statements_covered": 100.0, "percent_statements_covered_display": "100", "num_branches": 2, "num_partial_branches": 0, "covered_branches": 2, "missing_branches": 0, "percent_branches_covered": 100.0, "percent_branches_covered_display": "100"}, "missing_lines": [], "excluded_lines": [], "start_line": 227, "executed_branches": [[241, 242], [241, 243]], "missing_branches": []}, "ScholarCache.set_author": {"executed_lines": [252, 253, 257], "summary": {"covered_lines": 3, "num_statements": 3, "percent_covered": 100.0, "percent_covered_display": "100", "missing_lines": 0, "excluded_lines": 0, "percent_statements_covered": 100.0, "percent_statements_covered_display": "100", "num_branches": 0, "num_partial_branches": 0, "covered_branches": 0, "missing_branches": 0, "percent_branches_covered": 100.0, "percent_branches_covered_display": "100"}, "missing_lines": [], "excluded_lines": [], "start_line": 245, "executed_branches": [], "missing_branches": []}, "ScholarCache.get_openalex": {"executed_lines": [272, 273, 276, 277, 278, 279], "summary": {"covered_lines": 6, "num_statements": 6, "percent_covered": 100.0, "percent_covered_display": "100", "missing_lines": 0, "excluded_lines": 0, "percent_statements_covered": 100.0, "percent_statements_covered_display": "100", "num_branches": 2, "num_partial_branches": 0, "covered_branches": 2, "missing_branches": 0, "percent_branches_covered": 100.0, "percent_branches_covered_display": "100"}, "missing_lines": [], "excluded_lines": [], "start_line": 263, "executed_branches": [[277, 278], [277, 279]], "missing_branches": []}, "ScholarCache.set_openalex": {"executed_lines": [288, 289, 293], "summary": {"covered_lines": 3, "num_statements": 3, "percent_covered": 100.0, "percent_covered_display": "100", "missing_lines": 0, "excluded_lines": 0, "percent_statements_covered": 100.0, "percent_statements_covered_display": "100", "num_branches": 0, "num_partial_branches": 0, "covered_branches": 0, "missing_branches": 0, "percent_branches_covered": 100.0, "percent_branches_covered_display": "100"}, "missing_lines": [], "excluded_lines": [], "start_line": 281, "executed_branches": [], "missing_branches": []}, "ScholarCache.get_alias": {"executed_lines": [308, 309, 312, 313], "summary": {"covered_lines": 4, "num_statements": 4, "percent_covered": 100.0, "percent_covered_display": "100", "missing_lines": 0, "excluded_lines": 0, "percent_statements_covered": 100.0, "percent_statements_covered_display": "100", "num_branches": 0, "num_partial_branches": 0, "covered_branches": 0, "missing_branches": 0, "percent_branches_covered": 100.0, "percent_branches_covered_display": "100"}, "missing_lines": [], "excluded_lines": [], "start_line": 299, "executed_branches": [], "missing_branches": []}, "ScholarCache.set_alias": {"executed_lines": [322, 323, 327], "summary": {"covered_lines": 3, "num_statements": 3, "percent_covered": 100.0, "percent_covered_display": "100", "missing_lines": 0, "excluded_lines": 0, "percent_statements_covered": 100.0, "percent_statements_covered_display": "100", "num_branches": 0, "num_partial_branches": 0, "covered_branches": 0, "missing_branches": 0, "percent_branches_covered": 100.0, "percent_branches_covered_display": "100"}, "missing_lines": [], "excluded_lines": [], "start_line": 315, "executed_branches": [], "missing_branches": []}, "ScholarCache.stats": {"executed_lines": [340, 341, 342, 343, 344, 345, 346, 349], "summary": {"covered_lines": 8, "num_statements": 8, "percent_covered": 100.0, "percent_covered_display": "100", "missing_lines": 0, "excluded_lines": 0, "percent_statements_covered": 100.0, "percent_statements_covered_display": "100", "num_branches": 2, "num_partial_branches": 0, "covered_branches": 2, "missing_branches": 0, "percent_branches_covered": 100.0, "percent_branches_covered_display": "100"}, "missing_lines": [], "excluded_lines": [], "start_line": 333, "executed_branches": [[342, 343], [342, 346]], "missing_branches": []}, "ScholarCache.clear": {"executed_lines": [358, 359, 360, 361, 363, 364, 365, 366, 367], "summary": {"covered_lines": 9, "num_statements": 9, "percent_covered": 100.0, "percent_covered_display": "100", "missing_lines": 0, "excluded_lines": 0, "percent_statements_covered": 100.0, "percent_statements_covered_display": "100", "num_branches": 6, "num_partial_branches": 0, "covered_branches": 6, "missing_branches": 0, "percent_branches_covered": 100.0, "percent_branches_covered_display": "100"}, "missing_lines": [], "excluded_lines": [], "start_line": 351, "executed_branches": [[359, 360], [359, 363], [360, 361], [360, 366], [364, 365], [364, 366]], "missing_branches": []}, "": {"executed_lines": [3, 5, 6, 7, 8, 9, 11, 13, 16, 17, 18, 19, 20, 22, 67, 70, 87, 94, 98, 106, 116, 136, 154, 173, 191, 209, 227, 245, 263, 281, 299, 315, 333, 351], "summary": {"covered_lines": 34, "num_statements": 34, "percent_covered": 100.0, "percent_covered_display": "100", "missing_lines": 0, "excluded_lines": 0, "percent_statements_covered": 100.0, "percent_statements_covered_display": "100", "num_branches": 0, "num_partial_branches": 0, "covered_branches": 0, "missing_branches": 0, "percent_branches_covered": 100.0, "percent_branches_covered_display": "100"}, "missing_lines": [], "excluded_lines": [], "start_line": 1, "executed_branches": [], "missing_branches": []}}, "classes": {"ScholarCache": {"executed_lines": [95, 96, 100, 101, 102, 103, 104, 108, 109, 110, 125, 126, 129, 130, 131, 132, 133, 134, 143, 144, 148, 163, 164, 168, 169, 170, 171, 180, 181, 185, 200, 201, 204, 205, 206, 207, 216, 217, 221, 236, 237, 240, 241, 242, 243, 252, 253, 257, 272, 273, 276, 277, 278, 279, 288, 289, 293, 308, 309, 312, 313, 322, 323, 327, 340, 341, 342, 343, 344, 345, 346, 349, 358, 359, 360, 361, 363, 364, 365, 366, 367], "summary": {"covered_lines": 81, "num_statements": 81, "percent_covered": 99.02912621359224, "percent_covered_display": "99", "missing_lines": 0, "excluded_lines": 0, "percent_statements_covered": 100.0, "percent_statements_covered_display": "100", "num_branches": 22, "num_partial_branches": 1, "covered_branches": 21, "missing_branches": 1, "percent_branches_covered": 95.45454545454545, "percent_branches_covered_display": "95"}, "missing_lines": [], "excluded_lines": [], "start_line": 87, "executed_branches": [[108, 109], [130, 131], [130, 132], [132, 133], [132, 134], [169, 170], [169, 171], [205, 206], [205, 207], [241, 242], [241, 243], [277, 278], [277, 279], [342, 343], [342, 346], [359, 360], [359, 363], [360, 361], [360, 366], [364, 365], [364, 366]], "missing_branches": [[108, -106]]}, "": {"executed_lines": [3, 5, 6, 7, 8, 9, 11, 13, 16, 17, 18, 19, 20, 22, 67, 70, 82, 84, 87, 94, 98, 106, 116, 136, 154, 173, 191, 209, 227, 245, 263, 281, 299, 315, 333, 351], "summary": {"covered_lines": 36, "num_statements": 37, "percent_covered": 94.87179487179488, "percent_covered_display": "95", "missing_lines": 1, "excluded_lines": 0, "percent_statements_covered": 97.29729729729729, "percent_statements_covered_display": "97", "num_branches": 2, "num_partial_branches": 1, "covered_branches": 1, "missing_branches": 1, "percent_branches_covered": 50.0, "percent_branches_covered_display": "50"}, "missing_lines": [83], "excluded_lines": [], "start_line": 1, "executed_branches": [[82, 84]], "missing_branches": [[82, 83]]}}}, "src/scholar_mcp/_docling_client.py": {"executed_lines": [3, 5, 6, 7, 8, 9, 11, 13, 15, 21, 29, 30, 40, 41, 42, 43, 45, 46, 50, 67, 68, 69, 70, 71, 72, 74, 75, 80, 81, 84, 85, 86, 87, 93, 95, 97, 100, 122, 124, 126, 129, 139, 140, 141, 143, 145], "summary": {"covered_lines": 46, "num_statements": 60, "percent_covered": 72.97297297297297, "percent_covered_display": "73", "missing_lines": 14, "excluded_lines": 0, "percent_statements_covered": 76.66666666666667, "percent_statements_covered_display": "77", "num_branches": 14, "num_partial_branches": 4, "covered_branches": 8, "missing_branches": 6, "percent_branches_covered": 57.142857142857146, "percent_branches_covered_display": "57"}, "missing_lines": [48, 94, 98, 123, 142, 148, 149, 204, 207, 208, 209, 210, 211, 212], "excluded_lines": [], "executed_branches": [[67, 68], [74, 75], [74, 80], [80, 81], [80, 97], [93, 95], [122, 124], [141, 143]], "missing_branches": [[67, 98], [93, 94], [122, 123], [141, 142], [209, 210], [209, 211]], "functions": {"DoclingClient.vlm_available": {"executed_lines": [], "summary": {"covered_lines": 0, "num_statements": 1, "percent_covered": 0.0, "percent_covered_display": "0", "missing_lines": 1, "excluded_lines": 0, "percent_statements_covered": 0.0, "percent_statements_covered_display": "0", "num_branches": 0, "num_partial_branches": 0, "covered_branches": 0, "missing_branches": 0, "percent_branches_covered": 100.0, "percent_branches_covered_display": "100"}, "missing_lines": [48], "excluded_lines": [], "start_line": 46, "executed_branches": [], "missing_branches": []}, "DoclingClient._poll": {"executed_lines": [67, 68, 69, 70, 71, 72, 74, 75, 80, 81, 84, 85, 86, 87, 93, 95, 97], "summary": {"covered_lines": 17, "num_statements": 19, "percent_covered": 85.18518518518519, "percent_covered_display": "85", "missing_lines": 2, "excluded_lines": 0, "percent_statements_covered": 89.47368421052632, "percent_statements_covered_display": "89", "num_branches": 8, "num_partial_branches": 2, "covered_branches": 6, "missing_branches": 2, "percent_branches_covered": 75.0, "percent_branches_covered_display": "75"}, "missing_lines": [94, 98], "excluded_lines": [], "start_line": 50, "executed_branches": [[67, 68], [74, 75], [74, 80], [80, 81], [80, 97], [93, 95]], "missing_branches": [[67, 98], [93, 94]]}, "DoclingClient.convert": {"executed_lines": [122, 124], "summary": {"covered_lines": 2, "num_statements": 3, "percent_covered": 60.0, "percent_covered_display": "60", "missing_lines": 1, "excluded_lines": 0, "percent_statements_covered": 66.66666666666667, "percent_statements_covered_display": "67", "num_branches": 2, "num_partial_branches": 1, "covered_branches": 1, "missing_branches": 1, "percent_branches_covered": 50.0, "percent_branches_covered_display": "50"}, "missing_lines": [123], "excluded_lines": [], "start_line": 100, "executed_branches": [[122, 124]], "missing_branches": [[122, 123]]}, "DoclingClient._convert_standard": {"executed_lines": [129, 139, 140, 141, 143], "summary": {"covered_lines": 5, "num_statements": 6, "percent_covered": 75.0, "percent_covered_display": "75", "missing_lines": 1, "excluded_lines": 0, "percent_statements_covered": 83.33333333333333, "percent_statements_covered_display": "83", "num_branches": 2, "num_partial_branches": 1, "covered_branches": 1, "missing_branches": 1, "percent_branches_covered": 50.0, "percent_branches_covered_display": "50"}, "missing_lines": [142], "excluded_lines": [], "start_line": 126, "executed_branches": [[141, 143]], "missing_branches": [[141, 142]]}, "DoclingClient._convert_vlm": {"executed_lines": [], "summary": {"covered_lines": 0, "num_statements": 9, "percent_covered": 0.0, "percent_covered_display": "0", "missing_lines": 9, "excluded_lines": 0, "percent_statements_covered": 0.0, "percent_statements_covered_display": "0", "num_branches": 2, "num_partial_branches": 0, "covered_branches": 0, "missing_branches": 2, "percent_branches_covered": 0.0, "percent_branches_covered_display": "0"}, "missing_lines": [148, 149, 204, 207, 208, 209, 210, 211, 212], "excluded_lines": [], "start_line": 145, "executed_branches": [], "missing_branches": [[209, 210], [209, 211]]}, "": {"executed_lines": [3, 5, 6, 7, 8, 9, 11, 13, 15, 21, 29, 30, 40, 41, 42, 43, 45, 46, 50, 100, 126, 145], "summary": {"covered_lines": 22, "num_statements": 22, "percent_covered": 100.0, "percent_covered_display": "100", "missing_lines": 0, "excluded_lines": 0, "percent_statements_covered": 100.0, "percent_statements_covered_display": "100", "num_branches": 0, "num_partial_branches": 0, "covered_branches": 0, "missing_branches": 0, "percent_branches_covered": 100.0, "percent_branches_covered_display": "100"}, "missing_lines": [], "excluded_lines": [], "start_line": 1, "executed_branches": [], "missing_branches": []}}, "classes": {"DoclingClient": {"executed_lines": [67, 68, 69, 70, 71, 72, 74, 75, 80, 81, 84, 85, 86, 87, 93, 95, 97, 122, 124, 129, 139, 140, 141, 143], "summary": {"covered_lines": 24, "num_statements": 38, "percent_covered": 61.53846153846154, "percent_covered_display": "62", "missing_lines": 14, "excluded_lines": 0, "percent_statements_covered": 63.1578947368421, "percent_statements_covered_display": "63", "num_branches": 14, "num_partial_branches": 4, "covered_branches": 8, "missing_branches": 6, "percent_branches_covered": 57.142857142857146, "percent_branches_covered_display": "57"}, "missing_lines": [48, 94, 98, 123, 142, 148, 149, 204, 207, 208, 209, 210, 211, 212], "excluded_lines": [], "start_line": 30, "executed_branches": [[67, 68], [74, 75], [74, 80], [80, 81], [80, 97], [93, 95], [122, 124], [141, 143]], "missing_branches": [[67, 98], [93, 94], [122, 123], [141, 142], [209, 210], [209, 211]]}, "": {"executed_lines": [3, 5, 6, 7, 8, 9, 11, 13, 15, 21, 29, 30, 40, 41, 42, 43, 45, 46, 50, 100, 126, 145], "summary": {"covered_lines": 22, "num_statements": 22, "percent_covered": 100.0, "percent_covered_display": "100", "missing_lines": 0, "excluded_lines": 0, "percent_statements_covered": 100.0, "percent_statements_covered_display": "100", "num_branches": 0, "num_partial_branches": 0, "covered_branches": 0, "missing_branches": 0, "percent_branches_covered": 100.0, "percent_branches_covered_display": "100"}, "missing_lines": [], "excluded_lines": [], "start_line": 1, "executed_branches": [], "missing_branches": []}}}, "src/scholar_mcp/_openalex_client.py": {"executed_lines": [3, 5, 6, 8, 10, 13, 20, 21, 23, 32, 33, 34, 35, 36, 37, 38], "summary": {"covered_lines": 16, "num_statements": 19, "percent_covered": 85.71428571428571, "percent_covered_display": "86", "missing_lines": 3, "excluded_lines": 0, "percent_statements_covered": 84.21052631578948, "percent_statements_covered_display": "84", "num_branches": 2, "num_partial_branches": 0, "covered_branches": 2, "missing_branches": 0, "percent_branches_covered": 100.0, "percent_branches_covered_display": "100"}, "missing_lines": [39, 40, 41], "excluded_lines": [], "executed_branches": [[35, 36], [35, 37]], "missing_branches": [], "functions": {"OpenAlexClient.__init__": {"executed_lines": [21], "summary": {"covered_lines": 1, "num_statements": 1, "percent_covered": 100.0, "percent_covered_display": "100", "missing_lines": 0, "excluded_lines": 0, "percent_statements_covered": 100.0, "percent_statements_covered_display": "100", "num_branches": 0, "num_partial_branches": 0, "covered_branches": 0, "missing_branches": 0, "percent_branches_covered": 100.0, "percent_branches_covered_display": "100"}, "missing_lines": [], "excluded_lines": [], "start_line": 20, "executed_branches": [], "missing_branches": []}, "OpenAlexClient.get_by_doi": {"executed_lines": [32, 33, 34, 35, 36, 37, 38], "summary": {"covered_lines": 7, "num_statements": 10, "percent_covered": 75.0, "percent_covered_display": "75", "missing_lines": 3, "excluded_lines": 0, "percent_statements_covered": 70.0, "percent_statements_covered_display": "70", "num_branches": 2, "num_partial_branches": 0, "covered_branches": 2, "missing_branches": 0, "percent_branches_covered": 100.0, "percent_branches_covered_display": "100"}, "missing_lines": [39, 40, 41], "excluded_lines": [], "start_line": 23, "executed_branches": [[35, 36], [35, 37]], "missing_branches": []}, "": {"executed_lines": [3, 5, 6, 8, 10, 13, 20, 23], "summary": {"covered_lines": 8, "num_statements": 8, "percent_covered": 100.0, "percent_covered_display": "100", "missing_lines": 0, "excluded_lines": 0, "percent_statements_covered": 100.0, "percent_statements_covered_display": "100", "num_branches": 0, "num_partial_branches": 0, "covered_branches": 0, "missing_branches": 0, "percent_branches_covered": 100.0, "percent_branches_covered_display": "100"}, "missing_lines": [], "excluded_lines": [], "start_line": 1, "executed_branches": [], "missing_branches": []}}, "classes": {"OpenAlexClient": {"executed_lines": [21, 32, 33, 34, 35, 36, 37, 38], "summary": {"covered_lines": 8, "num_statements": 11, "percent_covered": 76.92307692307692, "percent_covered_display": "77", "missing_lines": 3, "excluded_lines": 0, "percent_statements_covered": 72.72727272727273, "percent_statements_covered_display": "73", "num_branches": 2, "num_partial_branches": 0, "covered_branches": 2, "missing_branches": 0, "percent_branches_covered": 100.0, "percent_branches_covered_display": "100"}, "missing_lines": [39, 40, 41], "excluded_lines": [], "start_line": 13, "executed_branches": [[35, 36], [35, 37]], "missing_branches": []}, "": {"executed_lines": [3, 5, 6, 8, 10, 13, 20, 23], "summary": {"covered_lines": 8, "num_statements": 8, "percent_covered": 100.0, "percent_covered_display": "100", "missing_lines": 0, "excluded_lines": 0, "percent_statements_covered": 100.0, "percent_statements_covered_display": "100", "num_branches": 0, "num_partial_branches": 0, "covered_branches": 0, "missing_branches": 0, "percent_branches_covered": 100.0, "percent_branches_covered_display": "100"}, "missing_lines": [], "excluded_lines": [], "start_line": 1, "executed_branches": [], "missing_branches": []}}}, "src/scholar_mcp/_rate_limiter.py": {"executed_lines": [3, 5, 6, 7, 8, 9, 11, 13, 16, 23, 24, 31, 32, 33, 35, 37, 38, 39, 40, 41, 42, 45, 66, 67, 68, 69, 70, 71, 72, 73, 79, 81, 85, 106, 107, 108, 109, 110, 111, 112], "summary": {"covered_lines": 40, "num_statements": 40, "percent_covered": 100.0, "percent_covered_display": "100", "missing_lines": 0, "excluded_lines": 1, "percent_statements_covered": 100.0, "percent_statements_covered_display": "100", "num_branches": 6, "num_partial_branches": 0, "covered_branches": 6, "missing_branches": 0, "percent_branches_covered": 100.0, "percent_branches_covered_display": "100"}, "missing_lines": [], "excluded_lines": [82], "executed_branches": [[40, 41], [40, 42], [71, 72], [71, 81], [110, 111], [110, 112]], "missing_branches": [], "functions": {"RateLimiter.acquire": {"executed_lines": [37, 38, 39, 40, 41, 42], "summary": {"covered_lines": 6, "num_statements": 6, "percent_covered": 100.0, "percent_covered_display": "100", "missing_lines": 0, "excluded_lines": 0, "percent_statements_covered": 100.0, "percent_statements_covered_display": "100", "num_branches": 2, "num_partial_branches": 0, "covered_branches": 2, "missing_branches": 0, "percent_branches_covered": 100.0, "percent_branches_covered_display": "100"}, "missing_lines": [], "excluded_lines": [], "start_line": 35, "executed_branches": [[40, 41], [40, 42]], "missing_branches": []}, "with_s2_retry": {"executed_lines": [66, 67, 68, 69, 70, 71, 72, 73, 79, 81], "summary": {"covered_lines": 10, "num_statements": 10, "percent_covered": 100.0, "percent_covered_display": "100", "missing_lines": 0, "excluded_lines": 1, "percent_statements_covered": 100.0, "percent_statements_covered_display": "100", "num_branches": 2, "num_partial_branches": 0, "covered_branches": 2, "missing_branches": 0, "percent_branches_covered": 100.0, "percent_branches_covered_display": "100"}, "missing_lines": [], "excluded_lines": [82], "start_line": 45, "executed_branches": [[71, 72], [71, 81]], "missing_branches": []}, "with_s2_try_once": {"executed_lines": [106, 107, 108, 109, 110, 111, 112], "summary": {"covered_lines": 7, "num_statements": 7, "percent_covered": 100.0, "percent_covered_display": "100", "missing_lines": 0, "excluded_lines": 0, "percent_statements_covered": 100.0, "percent_statements_covered_display": "100", "num_branches": 2, "num_partial_branches": 0, "covered_branches": 2, "missing_branches": 0, "percent_branches_covered": 100.0, "percent_branches_covered_display": "100"}, "missing_lines": [], "excluded_lines": [], "start_line": 85, "executed_branches": [[110, 111], [110, 112]], "missing_branches": []}, "": {"executed_lines": [3, 5, 6, 7, 8, 9, 11, 13, 16, 23, 24, 31, 32, 33, 35, 45, 85], "summary": {"covered_lines": 17, "num_statements": 17, "percent_covered": 100.0, "percent_covered_display": "100", "missing_lines": 0, "excluded_lines": 0, "percent_statements_covered": 100.0, "percent_statements_covered_display": "100", "num_branches": 0, "num_partial_branches": 0, "covered_branches": 0, "missing_branches": 0, "percent_branches_covered": 100.0, "percent_branches_covered_display": "100"}, "missing_lines": [], "excluded_lines": [], "start_line": 1, "executed_branches": [], "missing_branches": []}}, "classes": {"RateLimitedError": {"executed_lines": [], "summary": {"covered_lines": 0, "num_statements": 0, "percent_covered": 100.0, "percent_covered_display": "100", "missing_lines": 0, "excluded_lines": 0, "percent_statements_covered": 100.0, "percent_statements_covered_display": "100", "num_branches": 0, "num_partial_branches": 0, "covered_branches": 0, "missing_branches": 0, "percent_branches_covered": 100.0, "percent_branches_covered_display": "100"}, "missing_lines": [], "excluded_lines": [], "start_line": 16, "executed_branches": [], "missing_branches": []}, "RateLimiter": {"executed_lines": [37, 38, 39, 40, 41, 42], "summary": {"covered_lines": 6, "num_statements": 6, "percent_covered": 100.0, "percent_covered_display": "100", "missing_lines": 0, "excluded_lines": 0, "percent_statements_covered": 100.0, "percent_statements_covered_display": "100", "num_branches": 2, "num_partial_branches": 0, "covered_branches": 2, "missing_branches": 0, "percent_branches_covered": 100.0, "percent_branches_covered_display": "100"}, "missing_lines": [], "excluded_lines": [], "start_line": 24, "executed_branches": [[40, 41], [40, 42]], "missing_branches": []}, "": {"executed_lines": [3, 5, 6, 7, 8, 9, 11, 13, 16, 23, 24, 31, 32, 33, 35, 45, 66, 67, 68, 69, 70, 71, 72, 73, 79, 81, 85, 106, 107, 108, 109, 110, 111, 112], "summary": {"covered_lines": 34, "num_statements": 34, "percent_covered": 100.0, "percent_covered_display": "100", "missing_lines": 0, "excluded_lines": 1, "percent_statements_covered": 100.0, "percent_statements_covered_display": "100", "num_branches": 4, "num_partial_branches": 0, "covered_branches": 4, "missing_branches": 0, "percent_branches_covered": 100.0, "percent_branches_covered_display": "100"}, "missing_lines": [], "excluded_lines": [82], "start_line": 1, "executed_branches": [[71, 72], [71, 81], [110, 111], [110, 112]], "missing_branches": []}}}, "src/scholar_mcp/_s2_client.py": {"executed_lines": [3, 5, 6, 8, 10, 12, 14, 16, 26, 35, 36, 37, 39, 40, 41, 43, 47, 49, 51, 52, 56, 59, 60, 63, 64, 66, 67, 68, 70, 88, 90, 121, 135, 162, 173, 194, 202, 215, 222, 224, 243, 251, 273, 274, 278, 283, 284, 286, 287, 288, 290, 304, 305, 310, 311, 313, 314, 315], "summary": {"covered_lines": 58, "num_statements": 61, "percent_covered": 92.95774647887323, "percent_covered_display": "93", "missing_lines": 3, "excluded_lines": 0, "percent_statements_covered": 95.08196721311475, "percent_statements_covered_display": "95", "num_branches": 10, "num_partial_branches": 2, "covered_branches": 8, "missing_branches": 2, "percent_branches_covered": 80.0, "percent_branches_covered_display": "80"}, "missing_lines": [38, 42, 54], "excluded_lines": [], "executed_branches": [[37, 39], [41, 43], [66, 67], [66, 68], [286, 287], [286, 288], [313, 314], [313, 315]], "missing_branches": [[37, 38], [41, 42]], "functions": {"S2Client.__init__": {"executed_lines": [36, 37, 39, 40, 41, 43], "summary": {"covered_lines": 6, "num_statements": 8, "percent_covered": 66.66666666666667, "percent_covered_display": "67", "missing_lines": 2, "excluded_lines": 0, "percent_statements_covered": 75.0, "percent_statements_covered_display": "75", "num_branches": 4, "num_partial_branches": 2, "covered_branches": 2, "missing_branches": 2, "percent_branches_covered": 50.0, "percent_branches_covered_display": "50"}, "missing_lines": [38, 42], "excluded_lines": [], "start_line": 35, "executed_branches": [[37, 39], [41, 43]], "missing_branches": [[37, 38], [41, 42]]}, "S2Client.aclose": {"executed_lines": [49], "summary": {"covered_lines": 1, "num_statements": 1, "percent_covered": 100.0, "percent_covered_display": "100", "missing_lines": 0, "excluded_lines": 0, "percent_statements_covered": 100.0, "percent_statements_covered_display": "100", "num_branches": 0, "num_partial_branches": 0, "covered_branches": 0, "missing_branches": 0, "percent_branches_covered": 100.0, "percent_branches_covered_display": "100"}, "missing_lines": [], "excluded_lines": [], "start_line": 47, "executed_branches": [], "missing_branches": []}, "S2Client.limiter": {"executed_lines": [], "summary": {"covered_lines": 0, "num_statements": 1, "percent_covered": 0.0, "percent_covered_display": "0", "missing_lines": 1, "excluded_lines": 0, "percent_statements_covered": 0.0, "percent_statements_covered_display": "0", "num_branches": 0, "num_partial_branches": 0, "covered_branches": 0, "missing_branches": 0, "percent_branches_covered": 100.0, "percent_branches_covered_display": "100"}, "missing_lines": [54], "excluded_lines": [], "start_line": 52, "executed_branches": [], "missing_branches": []}, "S2Client._get": {"executed_lines": [59, 66, 67, 68], "summary": {"covered_lines": 4, "num_statements": 4, "percent_covered": 100.0, "percent_covered_display": "100", "missing_lines": 0, "excluded_lines": 0, "percent_statements_covered": 100.0, "percent_statements_covered_display": "100", "num_branches": 2, "num_partial_branches": 0, "covered_branches": 2, "missing_branches": 0, "percent_branches_covered": 100.0, "percent_branches_covered_display": "100"}, "missing_lines": [], "excluded_lines": [], "start_line": 56, "executed_branches": [[66, 67], [66, 68]], "missing_branches": []}, "S2Client._get._call": {"executed_lines": [60, 63, 64], "summary": {"covered_lines": 3, "num_statements": 3, "percent_covered": 100.0, "percent_covered_display": "100", "missing_lines": 0, "excluded_lines": 0, "percent_statements_covered": 100.0, "percent_statements_covered_display": "100", "num_branches": 0, "num_partial_branches": 0, "covered_branches": 0, "missing_branches": 0, "percent_branches_covered": 100.0, "percent_branches_covered_display": "100"}, "missing_lines": [], "excluded_lines": [], "start_line": 59, "executed_branches": [], "missing_branches": []}, "S2Client.get_paper": {"executed_lines": [88], "summary": {"covered_lines": 1, "num_statements": 1, "percent_covered": 100.0, "percent_covered_display": "100", "missing_lines": 0, "excluded_lines": 0, "percent_statements_covered": 100.0, "percent_statements_covered_display": "100", "num_branches": 0, "num_partial_branches": 0, "covered_branches": 0, "missing_branches": 0, "percent_branches_covered": 100.0, "percent_branches_covered_display": "100"}, "missing_lines": [], "excluded_lines": [], "start_line": 70, "executed_branches": [], "missing_branches": []}, "S2Client.search_papers": {"executed_lines": [121], "summary": {"covered_lines": 1, "num_statements": 1, "percent_covered": 100.0, "percent_covered_display": "100", "missing_lines": 0, "excluded_lines": 0, "percent_statements_covered": 100.0, "percent_statements_covered_display": "100", "num_branches": 0, "num_partial_branches": 0, "covered_branches": 0, "missing_branches": 0, "percent_branches_covered": 100.0, "percent_branches_covered_display": "100"}, "missing_lines": [], "excluded_lines": [], "start_line": 90, "executed_branches": [], "missing_branches": []}, "S2Client.get_citations": {"executed_lines": [162], "summary": {"covered_lines": 1, "num_statements": 1, "percent_covered": 100.0, "percent_covered_display": "100", "missing_lines": 0, "excluded_lines": 0, "percent_statements_covered": 100.0, "percent_statements_covered_display": "100", "num_branches": 0, "num_partial_branches": 0, "covered_branches": 0, "missing_branches": 0, "percent_branches_covered": 100.0, "percent_branches_covered_display": "100"}, "missing_lines": [], "excluded_lines": [], "start_line": 135, "executed_branches": [], "missing_branches": []}, "S2Client.get_references": {"executed_lines": [194], "summary": {"covered_lines": 1, "num_statements": 1, "percent_covered": 100.0, "percent_covered_display": "100", "missing_lines": 0, "excluded_lines": 0, "percent_statements_covered": 100.0, "percent_statements_covered_display": "100", "num_branches": 0, "num_partial_branches": 0, "covered_branches": 0, "missing_branches": 0, "percent_branches_covered": 100.0, "percent_branches_covered_display": "100"}, "missing_lines": [], "excluded_lines": [], "start_line": 173, "executed_branches": [], "missing_branches": []}, "S2Client.search_authors": {"executed_lines": [215, 222], "summary": {"covered_lines": 2, "num_statements": 2, "percent_covered": 100.0, "percent_covered_display": "100", "missing_lines": 0, "excluded_lines": 0, "percent_statements_covered": 100.0, "percent_statements_covered_display": "100", "num_branches": 0, "num_partial_branches": 0, "covered_branches": 0, "missing_branches": 0, "percent_branches_covered": 100.0, "percent_branches_covered_display": "100"}, "missing_lines": [], "excluded_lines": [], "start_line": 202, "executed_branches": [], "missing_branches": []}, "S2Client.get_author": {"executed_lines": [243], "summary": {"covered_lines": 1, "num_statements": 1, "percent_covered": 100.0, "percent_covered_display": "100", "missing_lines": 0, "excluded_lines": 0, "percent_statements_covered": 100.0, "percent_statements_covered_display": "100", "num_branches": 0, "num_partial_branches": 0, "covered_branches": 0, "missing_branches": 0, "percent_branches_covered": 100.0, "percent_branches_covered_display": "100"}, "missing_lines": [], "excluded_lines": [], "start_line": 224, "executed_branches": [], "missing_branches": []}, "S2Client.recommend": {"executed_lines": [273, 286, 287, 288], "summary": {"covered_lines": 4, "num_statements": 4, "percent_covered": 100.0, "percent_covered_display": "100", "missing_lines": 0, "excluded_lines": 0, "percent_statements_covered": 100.0, "percent_statements_covered_display": "100", "num_branches": 2, "num_partial_branches": 0, "covered_branches": 2, "missing_branches": 0, "percent_branches_covered": 100.0, "percent_branches_covered_display": "100"}, "missing_lines": [], "excluded_lines": [], "start_line": 251, "executed_branches": [[286, 287], [286, 288]], "missing_branches": []}, "S2Client.recommend._call": {"executed_lines": [274, 278, 283, 284], "summary": {"covered_lines": 4, "num_statements": 4, "percent_covered": 100.0, "percent_covered_display": "100", "missing_lines": 0, "excluded_lines": 0, "percent_statements_covered": 100.0, "percent_statements_covered_display": "100", "num_branches": 0, "num_partial_branches": 0, "covered_branches": 0, "missing_branches": 0, "percent_branches_covered": 100.0, "percent_branches_covered_display": "100"}, "missing_lines": [], "excluded_lines": [], "start_line": 273, "executed_branches": [], "missing_branches": []}, "S2Client.batch_resolve": {"executed_lines": [304, 313, 314, 315], "summary": {"covered_lines": 4, "num_statements": 4, "percent_covered": 100.0, "percent_covered_display": "100", "missing_lines": 0, "excluded_lines": 0, "percent_statements_covered": 100.0, "percent_statements_covered_display": "100", "num_branches": 2, "num_partial_branches": 0, "covered_branches": 2, "missing_branches": 0, "percent_branches_covered": 100.0, "percent_branches_covered_display": "100"}, "missing_lines": [], "excluded_lines": [], "start_line": 290, "executed_branches": [[313, 314], [313, 315]], "missing_branches": []}, "S2Client.batch_resolve._call": {"executed_lines": [305, 310, 311], "summary": {"covered_lines": 3, "num_statements": 3, "percent_covered": 100.0, "percent_covered_display": "100", "missing_lines": 0, "excluded_lines": 0, "percent_statements_covered": 100.0, "percent_statements_covered_display": "100", "num_branches": 0, "num_partial_branches": 0, "covered_branches": 0, "missing_branches": 0, "percent_branches_covered": 100.0, "percent_branches_covered_display": "100"}, "missing_lines": [], "excluded_lines": [], "start_line": 304, "executed_branches": [], "missing_branches": []}, "": {"executed_lines": [3, 5, 6, 8, 10, 12, 14, 16, 26, 35, 47, 51, 52, 56, 70, 90, 135, 173, 202, 224, 251, 290], "summary": {"covered_lines": 22, "num_statements": 22, "percent_covered": 100.0, "percent_covered_display": "100", "missing_lines": 0, "excluded_lines": 0, "percent_statements_covered": 100.0, "percent_statements_covered_display": "100", "num_branches": 0, "num_partial_branches": 0, "covered_branches": 0, "missing_branches": 0, "percent_branches_covered": 100.0, "percent_branches_covered_display": "100"}, "missing_lines": [], "excluded_lines": [], "start_line": 1, "executed_branches": [], "missing_branches": []}}, "classes": {"S2Client": {"executed_lines": [36, 37, 39, 40, 41, 43, 49, 59, 60, 63, 64, 66, 67, 68, 88, 121, 162, 194, 215, 222, 243, 273, 274, 278, 283, 284, 286, 287, 288, 304, 305, 310, 311, 313, 314, 315], "summary": {"covered_lines": 36, "num_statements": 39, "percent_covered": 89.79591836734694, "percent_covered_display": "90", "missing_lines": 3, "excluded_lines": 0, "percent_statements_covered": 92.3076923076923, "percent_statements_covered_display": "92", "num_branches": 10, "num_partial_branches": 2, "covered_branches": 8, "missing_branches": 2, "percent_branches_covered": 80.0, "percent_branches_covered_display": "80"}, "missing_lines": [38, 42, 54], "excluded_lines": [], "start_line": 26, "executed_branches": [[37, 39], [41, 43], [66, 67], [66, 68], [286, 287], [286, 288], [313, 314], [313, 315]], "missing_branches": [[37, 38], [41, 42]]}, "": {"executed_lines": [3, 5, 6, 8, 10, 12, 14, 16, 26, 35, 47, 51, 52, 56, 70, 90, 135, 173, 202, 224, 251, 290], "summary": {"covered_lines": 22, "num_statements": 22, "percent_covered": 100.0, "percent_covered_display": "100", "missing_lines": 0, "excluded_lines": 0, "percent_statements_covered": 100.0, "percent_statements_covered_display": "100", "num_branches": 0, "num_partial_branches": 0, "covered_branches": 0, "missing_branches": 0, "percent_branches_covered": 100.0, "percent_branches_covered_display": "100"}, "missing_lines": [], "excluded_lines": [], "start_line": 1, "executed_branches": [], "missing_branches": []}}}, "src/scholar_mcp/_server_deps.py": {"executed_lines": [3, 5, 6, 7, 8, 10, 11, 12, 13, 15, 16, 17, 18, 19, 20, 22, 24, 27, 28, 39, 40, 41, 42, 43, 44, 47, 48, 109, 118], "summary": {"covered_lines": 29, "num_statements": 55, "percent_covered": 47.540983606557376, "percent_covered_display": "48", "missing_lines": 26, "excluded_lines": 0, "percent_statements_covered": 52.72727272727273, "percent_statements_covered_display": "53", "num_branches": 6, "num_partial_branches": 0, "covered_branches": 0, "missing_branches": 6, "percent_branches_covered": 0.0, "percent_branches_covered_display": "0"}, "missing_lines": [59, 60, 62, 63, 64, 65, 66, 71, 72, 73, 74, 75, 76, 82, 84, 86, 87, 89, 91, 99, 100, 102, 103, 104, 105, 106], "excluded_lines": [], "executed_branches": [], "missing_branches": [[64, 65], [64, 66], [74, 75], [74, 84], [104, 105], [104, 106]], "functions": {"make_service_lifespan": {"executed_lines": [], "summary": {"covered_lines": 0, "num_statements": 26, "percent_covered": 0.0, "percent_covered_display": "0", "missing_lines": 26, "excluded_lines": 0, "percent_statements_covered": 0.0, "percent_statements_covered_display": "0", "num_branches": 6, "num_partial_branches": 0, "covered_branches": 0, "missing_branches": 6, "percent_branches_covered": 0.0, "percent_branches_covered_display": "0"}, "missing_lines": [59, 60, 62, 63, 64, 65, 66, 71, 72, 73, 74, 75, 76, 82, 84, 86, 87, 89, 91, 99, 100, 102, 103, 104, 105, 106], "excluded_lines": [], "start_line": 48, "executed_branches": [], "missing_branches": [[64, 65], [64, 66], [74, 75], [74, 84], [104, 105], [104, 106]]}, "get_bundle": {"executed_lines": [118], "summary": {"covered_lines": 1, "num_statements": 1, "percent_covered": 100.0, "percent_covered_display": "100", "missing_lines": 0, "excluded_lines": 0, "percent_statements_covered": 100.0, "percent_statements_covered_display": "100", "num_branches": 0, "num_partial_branches": 0, "covered_branches": 0, "missing_branches": 0, "percent_branches_covered": 100.0, "percent_branches_covered_display": "100"}, "missing_lines": [], "excluded_lines": [], "start_line": 109, "executed_branches": [], "missing_branches": []}, "": {"executed_lines": [3, 5, 6, 7, 8, 10, 11, 12, 13, 15, 16, 17, 18, 19, 20, 22, 24, 27, 28, 39, 40, 41, 42, 43, 44, 47, 48, 109], "summary": {"covered_lines": 28, "num_statements": 28, "percent_covered": 100.0, "percent_covered_display": "100", "missing_lines": 0, "excluded_lines": 0, "percent_statements_covered": 100.0, "percent_statements_covered_display": "100", "num_branches": 0, "num_partial_branches": 0, "covered_branches": 0, "missing_branches": 0, "percent_branches_covered": 100.0, "percent_branches_covered_display": "100"}, "missing_lines": [], "excluded_lines": [], "start_line": 1, "executed_branches": [], "missing_branches": []}}, "classes": {"ServiceBundle": {"executed_lines": [], "summary": {"covered_lines": 0, "num_statements": 0, "percent_covered": 100.0, "percent_covered_display": "100", "missing_lines": 0, "excluded_lines": 0, "percent_statements_covered": 100.0, "percent_statements_covered_display": "100", "num_branches": 0, "num_partial_branches": 0, "covered_branches": 0, "missing_branches": 0, "percent_branches_covered": 100.0, "percent_branches_covered_display": "100"}, "missing_lines": [], "excluded_lines": [], "start_line": 28, "executed_branches": [], "missing_branches": []}, "": {"executed_lines": [3, 5, 6, 7, 8, 10, 11, 12, 13, 15, 16, 17, 18, 19, 20, 22, 24, 27, 28, 39, 40, 41, 42, 43, 44, 47, 48, 109, 118], "summary": {"covered_lines": 29, "num_statements": 55, "percent_covered": 47.540983606557376, "percent_covered_display": "48", "missing_lines": 26, "excluded_lines": 0, "percent_statements_covered": 52.72727272727273, "percent_statements_covered_display": "53", "num_branches": 6, "num_partial_branches": 0, "covered_branches": 0, "missing_branches": 6, "percent_branches_covered": 0.0, "percent_branches_covered_display": "0"}, "missing_lines": [59, 60, 62, 63, 64, 65, 66, 71, 72, 73, 74, 75, 76, 82, 84, 86, 87, 89, 91, 99, 100, 102, 103, 104, 105, 106], "excluded_lines": [], "start_line": 1, "executed_branches": [], "missing_branches": [[64, 65], [64, 66], [74, 75], [74, 84], [104, 105], [104, 106]]}}}, "src/scholar_mcp/_server_prompts.py": {"executed_lines": [12, 14, 17], "summary": {"covered_lines": 3, "num_statements": 3, "percent_covered": 100.0, "percent_covered_display": "100", "missing_lines": 0, "excluded_lines": 0, "percent_statements_covered": 100.0, "percent_statements_covered_display": "100", "num_branches": 0, "num_partial_branches": 0, "covered_branches": 0, "missing_branches": 0, "percent_branches_covered": 100.0, "percent_branches_covered_display": "100"}, "missing_lines": [], "excluded_lines": [], "executed_branches": [], "missing_branches": [], "functions": {"register_prompts": {"executed_lines": [], "summary": {"covered_lines": 0, "num_statements": 0, "percent_covered": 100.0, "percent_covered_display": "100", "missing_lines": 0, "excluded_lines": 0, "percent_statements_covered": 100.0, "percent_statements_covered_display": "100", "num_branches": 0, "num_partial_branches": 0, "covered_branches": 0, "missing_branches": 0, "percent_branches_covered": 100.0, "percent_branches_covered_display": "100"}, "missing_lines": [], "excluded_lines": [], "start_line": 17, "executed_branches": [], "missing_branches": []}, "": {"executed_lines": [12, 14, 17], "summary": {"covered_lines": 3, "num_statements": 3, "percent_covered": 100.0, "percent_covered_display": "100", "missing_lines": 0, "excluded_lines": 0, "percent_statements_covered": 100.0, "percent_statements_covered_display": "100", "num_branches": 0, "num_partial_branches": 0, "covered_branches": 0, "missing_branches": 0, "percent_branches_covered": 100.0, "percent_branches_covered_display": "100"}, "missing_lines": [], "excluded_lines": [], "start_line": 1, "executed_branches": [], "missing_branches": []}}, "classes": {"": {"executed_lines": [12, 14, 17], "summary": {"covered_lines": 3, "num_statements": 3, "percent_covered": 100.0, "percent_covered_display": "100", "missing_lines": 0, "excluded_lines": 0, "percent_statements_covered": 100.0, "percent_statements_covered_display": "100", "num_branches": 0, "num_partial_branches": 0, "covered_branches": 0, "missing_branches": 0, "percent_branches_covered": 100.0, "percent_branches_covered_display": "100"}, "missing_lines": [], "excluded_lines": [], "start_line": 1, "executed_branches": [], "missing_branches": []}}}, "src/scholar_mcp/_server_resources.py": {"executed_lines": [15, 17, 20], "summary": {"covered_lines": 3, "num_statements": 3, "percent_covered": 100.0, "percent_covered_display": "100", "missing_lines": 0, "excluded_lines": 0, "percent_statements_covered": 100.0, "percent_statements_covered_display": "100", "num_branches": 0, "num_partial_branches": 0, "covered_branches": 0, "missing_branches": 0, "percent_branches_covered": 100.0, "percent_branches_covered_display": "100"}, "missing_lines": [], "excluded_lines": [], "executed_branches": [], "missing_branches": [], "functions": {"register_resources": {"executed_lines": [], "summary": {"covered_lines": 0, "num_statements": 0, "percent_covered": 100.0, "percent_covered_display": "100", "missing_lines": 0, "excluded_lines": 0, "percent_statements_covered": 100.0, "percent_statements_covered_display": "100", "num_branches": 0, "num_partial_branches": 0, "covered_branches": 0, "missing_branches": 0, "percent_branches_covered": 100.0, "percent_branches_covered_display": "100"}, "missing_lines": [], "excluded_lines": [], "start_line": 20, "executed_branches": [], "missing_branches": []}, "": {"executed_lines": [15, 17, 20], "summary": {"covered_lines": 3, "num_statements": 3, "percent_covered": 100.0, "percent_covered_display": "100", "missing_lines": 0, "excluded_lines": 0, "percent_statements_covered": 100.0, "percent_statements_covered_display": "100", "num_branches": 0, "num_partial_branches": 0, "covered_branches": 0, "missing_branches": 0, "percent_branches_covered": 100.0, "percent_branches_covered_display": "100"}, "missing_lines": [], "excluded_lines": [], "start_line": 1, "executed_branches": [], "missing_branches": []}}, "classes": {"": {"executed_lines": [15, 17, 20], "summary": {"covered_lines": 3, "num_statements": 3, "percent_covered": 100.0, "percent_covered_display": "100", "missing_lines": 0, "excluded_lines": 0, "percent_statements_covered": 100.0, "percent_statements_covered_display": "100", "num_branches": 0, "num_partial_branches": 0, "covered_branches": 0, "missing_branches": 0, "percent_branches_covered": 100.0, "percent_branches_covered_display": "100"}, "missing_lines": [], "excluded_lines": [], "start_line": 1, "executed_branches": [], "missing_branches": []}}}, "src/scholar_mcp/_server_tools.py": {"executed_lines": [3, 5, 8, 18, 20, 22, 24, 26, 28, 30, 32, 34, 36, 38, 40], "summary": {"covered_lines": 15, "num_statements": 15, "percent_covered": 100.0, "percent_covered_display": "100", "missing_lines": 0, "excluded_lines": 0, "percent_statements_covered": 100.0, "percent_statements_covered_display": "100", "num_branches": 0, "num_partial_branches": 0, "covered_branches": 0, "missing_branches": 0, "percent_branches_covered": 100.0, "percent_branches_covered_display": "100"}, "missing_lines": [], "excluded_lines": [], "executed_branches": [], "missing_branches": [], "functions": {"register_tools": {"executed_lines": [18, 20, 22, 24, 26, 28, 30, 32, 34, 36, 38, 40], "summary": {"covered_lines": 12, "num_statements": 12, "percent_covered": 100.0, "percent_covered_display": "100", "missing_lines": 0, "excluded_lines": 0, "percent_statements_covered": 100.0, "percent_statements_covered_display": "100", "num_branches": 0, "num_partial_branches": 0, "covered_branches": 0, "missing_branches": 0, "percent_branches_covered": 100.0, "percent_branches_covered_display": "100"}, "missing_lines": [], "excluded_lines": [], "start_line": 8, "executed_branches": [], "missing_branches": []}, "": {"executed_lines": [3, 5, 8], "summary": {"covered_lines": 3, "num_statements": 3, "percent_covered": 100.0, "percent_covered_display": "100", "missing_lines": 0, "excluded_lines": 0, "percent_statements_covered": 100.0, "percent_statements_covered_display": "100", "num_branches": 0, "num_partial_branches": 0, "covered_branches": 0, "missing_branches": 0, "percent_branches_covered": 100.0, "percent_branches_covered_display": "100"}, "missing_lines": [], "excluded_lines": [], "start_line": 1, "executed_branches": [], "missing_branches": []}}, "classes": {"": {"executed_lines": [3, 5, 8, 18, 20, 22, 24, 26, 28, 30, 32, 34, 36, 38, 40], "summary": {"covered_lines": 15, "num_statements": 15, "percent_covered": 100.0, "percent_covered_display": "100", "missing_lines": 0, "excluded_lines": 0, "percent_statements_covered": 100.0, "percent_statements_covered_display": "100", "num_branches": 0, "num_partial_branches": 0, "covered_branches": 0, "missing_branches": 0, "percent_branches_covered": 100.0, "percent_branches_covered_display": "100"}, "missing_lines": [], "excluded_lines": [], "start_line": 1, "executed_branches": [], "missing_branches": []}}}, "src/scholar_mcp/_task_queue.py": {"executed_lines": [3, 5, 6, 7, 8, 9, 10, 11, 13, 15, 18, 19, 31, 32, 33, 34, 35, 36, 39, 49, 50, 51, 52, 54, 69, 70, 75, 76, 77, 78, 79, 80, 82, 83, 84, 85, 86, 87, 88, 89, 90, 91, 93, 102, 103, 105, 111, 112, 114, 115, 116, 117, 118], "summary": {"covered_lines": 53, "num_statements": 53, "percent_covered": 100.0, "percent_covered_display": "100", "missing_lines": 0, "excluded_lines": 0, "percent_statements_covered": 100.0, "percent_statements_covered_display": "100", "num_branches": 2, "num_partial_branches": 0, "covered_branches": 2, "missing_branches": 0, "percent_branches_covered": 100.0, "percent_branches_covered_display": "100"}, "missing_lines": [], "excluded_lines": [], "executed_branches": [[117, -114], [117, 118]], "missing_branches": [], "functions": {"TaskQueue.__init__": {"executed_lines": [50, 51, 52], "summary": {"covered_lines": 3, "num_statements": 3, "percent_covered": 100.0, "percent_covered_display": "100", "missing_lines": 0, "excluded_lines": 0, "percent_statements_covered": 100.0, "percent_statements_covered_display": "100", "num_branches": 0, "num_partial_branches": 0, "covered_branches": 0, "missing_branches": 0, "percent_branches_covered": 100.0, "percent_branches_covered_display": "100"}, "missing_lines": [], "excluded_lines": [], "start_line": 49, "executed_branches": [], "missing_branches": []}, "TaskQueue.submit": {"executed_lines": [69, 70, 75, 76, 77, 78, 79, 80], "summary": {"covered_lines": 8, "num_statements": 8, "percent_covered": 100.0, "percent_covered_display": "100", "missing_lines": 0, "excluded_lines": 0, "percent_statements_covered": 100.0, "percent_statements_covered_display": "100", "num_branches": 0, "num_partial_branches": 0, "covered_branches": 0, "missing_branches": 0, "percent_branches_covered": 100.0, "percent_branches_covered_display": "100"}, "missing_lines": [], "excluded_lines": [], "start_line": 54, "executed_branches": [], "missing_branches": []}, "TaskQueue._run": {"executed_lines": [83, 84, 85, 86, 87, 88, 89, 90, 91], "summary": {"covered_lines": 9, "num_statements": 9, "percent_covered": 100.0, "percent_covered_display": "100", "missing_lines": 0, "excluded_lines": 0, "percent_statements_covered": 100.0, "percent_statements_covered_display": "100", "num_branches": 0, "num_partial_branches": 0, "covered_branches": 0, "missing_branches": 0, "percent_branches_covered": 100.0, "percent_branches_covered_display": "100"}, "missing_lines": [], "excluded_lines": [], "start_line": 82, "executed_branches": [], "missing_branches": []}, "TaskQueue.get": {"executed_lines": [102, 103], "summary": {"covered_lines": 2, "num_statements": 2, "percent_covered": 100.0, "percent_covered_display": "100", "missing_lines": 0, "excluded_lines": 0, "percent_statements_covered": 100.0, "percent_statements_covered_display": "100", "num_branches": 0, "num_partial_branches": 0, "covered_branches": 0, "missing_branches": 0, "percent_branches_covered": 100.0, "percent_branches_covered_display": "100"}, "missing_lines": [], "excluded_lines": [], "start_line": 93, "executed_branches": [], "missing_branches": []}, "TaskQueue.list_active": {"executed_lines": [111, 112], "summary": {"covered_lines": 2, "num_statements": 2, "percent_covered": 100.0, "percent_covered_display": "100", "missing_lines": 0, "excluded_lines": 0, "percent_statements_covered": 100.0, "percent_statements_covered_display": "100", "num_branches": 0, "num_partial_branches": 0, "covered_branches": 0, "missing_branches": 0, "percent_branches_covered": 100.0, "percent_branches_covered_display": "100"}, "missing_lines": [], "excluded_lines": [], "start_line": 105, "executed_branches": [], "missing_branches": []}, "TaskQueue._cleanup": {"executed_lines": [115, 116, 117, 118], "summary": {"covered_lines": 4, "num_statements": 4, "percent_covered": 100.0, "percent_covered_display": "100", "missing_lines": 0, "excluded_lines": 0, "percent_statements_covered": 100.0, "percent_statements_covered_display": "100", "num_branches": 2, "num_partial_branches": 0, "covered_branches": 2, "missing_branches": 0, "percent_branches_covered": 100.0, "percent_branches_covered_display": "100"}, "missing_lines": [], "excluded_lines": [], "start_line": 114, "executed_branches": [[117, -114], [117, 118]], "missing_branches": []}, "": {"executed_lines": [3, 5, 6, 7, 8, 9, 10, 11, 13, 15, 18, 19, 31, 32, 33, 34, 35, 36, 39, 49, 54, 82, 93, 105, 114], "summary": {"covered_lines": 25, "num_statements": 25, "percent_covered": 100.0, "percent_covered_display": "100", "missing_lines": 0, "excluded_lines": 0, "percent_statements_covered": 100.0, "percent_statements_covered_display": "100", "num_branches": 0, "num_partial_branches": 0, "covered_branches": 0, "missing_branches": 0, "percent_branches_covered": 100.0, "percent_branches_covered_display": "100"}, "missing_lines": [], "excluded_lines": [], "start_line": 1, "executed_branches": [], "missing_branches": []}}, "classes": {"TaskResult": {"executed_lines": [], "summary": {"covered_lines": 0, "num_statements": 0, "percent_covered": 100.0, "percent_covered_display": "100", "missing_lines": 0, "excluded_lines": 0, "percent_statements_covered": 100.0, "percent_statements_covered_display": "100", "num_branches": 0, "num_partial_branches": 0, "covered_branches": 0, "missing_branches": 0, "percent_branches_covered": 100.0, "percent_branches_covered_display": "100"}, "missing_lines": [], "excluded_lines": [], "start_line": 19, "executed_branches": [], "missing_branches": []}, "TaskQueue": {"executed_lines": [50, 51, 52, 69, 70, 75, 76, 77, 78, 79, 80, 83, 84, 85, 86, 87, 88, 89, 90, 91, 102, 103, 111, 112, 115, 116, 117, 118], "summary": {"covered_lines": 28, "num_statements": 28, "percent_covered": 100.0, "percent_covered_display": "100", "missing_lines": 0, "excluded_lines": 0, "percent_statements_covered": 100.0, "percent_statements_covered_display": "100", "num_branches": 2, "num_partial_branches": 0, "covered_branches": 2, "missing_branches": 0, "percent_branches_covered": 100.0, "percent_branches_covered_display": "100"}, "missing_lines": [], "excluded_lines": [], "start_line": 39, "executed_branches": [[117, -114], [117, 118]], "missing_branches": []}, "": {"executed_lines": [3, 5, 6, 7, 8, 9, 10, 11, 13, 15, 18, 19, 31, 32, 33, 34, 35, 36, 39, 49, 54, 82, 93, 105, 114], "summary": {"covered_lines": 25, "num_statements": 25, "percent_covered": 100.0, "percent_covered_display": "100", "missing_lines": 0, "excluded_lines": 0, "percent_statements_covered": 100.0, "percent_statements_covered_display": "100", "num_branches": 0, "num_partial_branches": 0, "covered_branches": 0, "missing_branches": 0, "percent_branches_covered": 100.0, "percent_branches_covered_display": "100"}, "missing_lines": [], "excluded_lines": [], "start_line": 1, "executed_branches": [], "missing_branches": []}}}, "src/scholar_mcp/_tools_graph.py": {"executed_lines": [3, 5, 6, 7, 8, 10, 11, 12, 14, 15, 16, 18, 21, 28, 35, 61, 62, 64, 66, 69, 71, 72, 73, 83, 84, 85, 86, 89, 91, 92, 93, 94, 95, 99, 106, 125, 126, 127, 134, 135, 136, 137, 140, 142, 143, 144, 145, 146, 150, 157, 186, 188, 189, 191, 193, 195, 197, 198, 199, 200, 202, 203, 209, 211, 212, 213, 215, 216, 217, 218, 219, 221, 223, 224, 225, 235, 236, 237, 238, 244, 245, 252, 255, 256, 257, 264, 265, 266, 267, 273, 274, 281, 282, 284, 285, 286, 287, 288, 289, 290, 291, 293, 294, 296, 297, 298, 302, 315, 316, 317, 318, 319, 327, 334, 356, 357, 358, 360, 361, 362, 363, 364, 365, 366, 373, 378, 379, 380, 381, 382, 383, 384, 385, 386, 393, 398, 399, 400, 401, 402, 404, 405, 406, 407, 409, 410, 411, 412, 413, 414, 415, 416, 417, 419, 420, 421, 422, 423, 425, 427, 428, 429, 430, 431], "summary": {"covered_lines": 164, "num_statements": 171, "percent_covered": 91.91489361702128, "percent_covered_display": "92", "missing_lines": 7, "excluded_lines": 0, "percent_statements_covered": 95.90643274853801, "percent_statements_covered_display": "96", "num_branches": 64, "num_partial_branches": 12, "covered_branches": 52, "missing_branches": 12, "percent_branches_covered": 81.25, "percent_branches_covered_display": "81"}, "missing_lines": [63, 65, 67, 190, 192, 194, 253], "excluded_lines": [], "executed_branches": [[62, 64], [64, 66], [66, 69], [84, 85], [84, 86], [135, 136], [135, 137], [189, 191], [191, 193], [193, 195], [202, 203], [202, 211], [215, 216], [215, 296], [217, 218], [217, 219], [223, 224], [223, 255], [235, 236], [235, 255], [237, 238], [255, 256], [255, 284], [264, 265], [264, 284], [266, 267], [284, 285], [284, 293], [285, 286], [285, 288], [289, 290], [293, 215], [293, 294], [362, 363], [362, 382], [364, 365], [382, 383], [382, 402], [384, 385], [404, 405], [404, 425], [406, 407], [406, 409], [410, 404], [410, 411], [411, 412], [411, 421], [414, 415], [414, 420], [416, 417], [416, 419], [421, 422]], "missing_branches": [[62, 63], [64, 65], [66, 67], [189, 190], [191, 192], [193, 194], [237, 235], [266, 264], [289, 284], [364, 381], [384, 401], [421, 410]], "functions": {"register_graph_tools": {"executed_lines": [28, 35, 99, 106, 150, 157, 327, 334], "summary": {"covered_lines": 8, "num_statements": 8, "percent_covered": 100.0, "percent_covered_display": "100", "missing_lines": 0, "excluded_lines": 0, "percent_statements_covered": 100.0, "percent_statements_covered_display": "100", "num_branches": 0, "num_partial_branches": 0, "covered_branches": 0, "missing_branches": 0, "percent_branches_covered": 100.0, "percent_branches_covered_display": "100"}, "missing_lines": [], "excluded_lines": [], "start_line": 21, "executed_branches": [], "missing_branches": []}, "register_graph_tools.get_citations": {"executed_lines": [61, 62, 64, 66, 69, 71, 91, 92, 93, 94, 95], "summary": {"covered_lines": 11, "num_statements": 14, "percent_covered": 70.0, "percent_covered_display": "70", "missing_lines": 3, "excluded_lines": 0, "percent_statements_covered": 78.57142857142857, "percent_statements_covered_display": "79", "num_branches": 6, "num_partial_branches": 3, "covered_branches": 3, "missing_branches": 3, "percent_branches_covered": 50.0, "percent_branches_covered_display": "50"}, "missing_lines": [63, 65, 67], "excluded_lines": [], "start_line": 35, "executed_branches": [[62, 64], [64, 66], [66, 69]], "missing_branches": [[62, 63], [64, 65], [66, 67]]}, "register_graph_tools.get_citations._execute": {"executed_lines": [72, 73, 83, 84, 85, 86, 89], "summary": {"covered_lines": 7, "num_statements": 7, "percent_covered": 100.0, "percent_covered_display": "100", "missing_lines": 0, "excluded_lines": 0, "percent_statements_covered": 100.0, "percent_statements_covered_display": "100", "num_branches": 2, "num_partial_branches": 0, "covered_branches": 2, "missing_branches": 0, "percent_branches_covered": 100.0, "percent_branches_covered_display": "100"}, "missing_lines": [], "excluded_lines": [], "start_line": 71, "executed_branches": [[84, 85], [84, 86]], "missing_branches": []}, "register_graph_tools.get_references": {"executed_lines": [125, 142, 143, 144, 145, 146], "summary": {"covered_lines": 6, "num_statements": 6, "percent_covered": 100.0, "percent_covered_display": "100", "missing_lines": 0, "excluded_lines": 0, "percent_statements_covered": 100.0, "percent_statements_covered_display": "100", "num_branches": 0, "num_partial_branches": 0, "covered_branches": 0, "missing_branches": 0, "percent_branches_covered": 100.0, "percent_branches_covered_display": "100"}, "missing_lines": [], "excluded_lines": [], "start_line": 106, "executed_branches": [], "missing_branches": []}, "register_graph_tools.get_references._execute": {"executed_lines": [126, 127, 134, 135, 136, 137, 140], "summary": {"covered_lines": 7, "num_statements": 7, "percent_covered": 100.0, "percent_covered_display": "100", "missing_lines": 0, "excluded_lines": 0, "percent_statements_covered": 100.0, "percent_statements_covered_display": "100", "num_branches": 2, "num_partial_branches": 0, "covered_branches": 2, "missing_branches": 0, "percent_branches_covered": 100.0, "percent_branches_covered_display": "100"}, "missing_lines": [], "excluded_lines": [], "start_line": 125, "executed_branches": [[135, 136], [135, 137]], "missing_branches": []}, "register_graph_tools.get_citation_graph": {"executed_lines": [186, 188, 189, 191, 193, 195, 197, 315, 316, 317, 318, 319], "summary": {"covered_lines": 12, "num_statements": 15, "percent_covered": 71.42857142857143, "percent_covered_display": "71", "missing_lines": 3, "excluded_lines": 0, "percent_statements_covered": 80.0, "percent_statements_covered_display": "80", "num_branches": 6, "num_partial_branches": 3, "covered_branches": 3, "missing_branches": 3, "percent_branches_covered": 50.0, "percent_branches_covered_display": "50"}, "missing_lines": [190, 192, 194], "excluded_lines": [], "start_line": 157, "executed_branches": [[189, 191], [191, 193], [193, 195]], "missing_branches": [[189, 190], [191, 192], [193, 194]]}, "register_graph_tools.get_citation_graph._execute": {"executed_lines": [198, 199, 200, 202, 203, 209, 211, 212, 213, 215, 216, 217, 218, 219, 221, 223, 224, 225, 235, 236, 237, 238, 244, 245, 252, 255, 256, 257, 264, 265, 266, 267, 273, 274, 281, 282, 284, 285, 286, 287, 288, 289, 290, 291, 293, 294, 296, 297, 298, 302], "summary": {"covered_lines": 50, "num_statements": 51, "percent_covered": 94.8051948051948, "percent_covered_display": "95", "missing_lines": 1, "excluded_lines": 0, "percent_statements_covered": 98.03921568627452, "percent_statements_covered_display": "98", "num_branches": 26, "num_partial_branches": 3, "covered_branches": 23, "missing_branches": 3, "percent_branches_covered": 88.46153846153847, "percent_branches_covered_display": "88"}, "missing_lines": [253], "excluded_lines": [], "start_line": 197, "executed_branches": [[202, 203], [202, 211], [215, 216], [215, 296], [217, 218], [217, 219], [223, 224], [223, 255], [235, 236], [235, 255], [237, 238], [255, 256], [255, 284], [264, 265], [264, 284], [266, 267], [284, 285], [284, 293], [285, 286], [285, 288], [289, 290], [293, 215], [293, 294]], "missing_branches": [[237, 235], [266, 264], [289, 284]]}, "register_graph_tools.find_bridge_papers": {"executed_lines": [356, 427, 428, 429, 430, 431], "summary": {"covered_lines": 6, "num_statements": 6, "percent_covered": 100.0, "percent_covered_display": "100", "missing_lines": 0, "excluded_lines": 0, "percent_statements_covered": 100.0, "percent_statements_covered_display": "100", "num_branches": 0, "num_partial_branches": 0, "covered_branches": 0, "missing_branches": 0, "percent_branches_covered": 100.0, "percent_branches_covered_display": "100"}, "missing_lines": [], "excluded_lines": [], "start_line": 334, "executed_branches": [], "missing_branches": []}, "register_graph_tools.find_bridge_papers._execute": {"executed_lines": [357, 358, 360, 404, 405, 406, 407, 409, 410, 411, 412, 413, 414, 415, 416, 417, 419, 420, 421, 422, 423, 425], "summary": {"covered_lines": 22, "num_statements": 22, "percent_covered": 97.22222222222223, "percent_covered_display": "97", "missing_lines": 0, "excluded_lines": 0, "percent_statements_covered": 100.0, "percent_statements_covered_display": "100", "num_branches": 14, "num_partial_branches": 1, "covered_branches": 13, "missing_branches": 1, "percent_branches_covered": 92.85714285714286, "percent_branches_covered_display": "93"}, "missing_lines": [], "excluded_lines": [], "start_line": 356, "executed_branches": [[404, 405], [404, 425], [406, 407], [406, 409], [410, 404], [410, 411], [411, 412], [411, 421], [414, 415], [414, 420], [416, 417], [416, 419], [421, 422]], "missing_branches": [[421, 410]]}, "register_graph_tools.find_bridge_papers._execute._get_neighbours": {"executed_lines": [361, 362, 363, 364, 365, 366, 373, 378, 379, 380, 381, 382, 383, 384, 385, 386, 393, 398, 399, 400, 401, 402], "summary": {"covered_lines": 22, "num_statements": 22, "percent_covered": 93.33333333333333, "percent_covered_display": "93", "missing_lines": 0, "excluded_lines": 0, "percent_statements_covered": 100.0, "percent_statements_covered_display": "100", "num_branches": 8, "num_partial_branches": 2, "covered_branches": 6, "missing_branches": 2, "percent_branches_covered": 75.0, "percent_branches_covered_display": "75"}, "missing_lines": [], "excluded_lines": [], "start_line": 360, "executed_branches": [[362, 363], [362, 382], [364, 365], [382, 383], [382, 402], [384, 385]], "missing_branches": [[364, 381], [384, 401]]}, "": {"executed_lines": [3, 5, 6, 7, 8, 10, 11, 12, 14, 15, 16, 18, 21], "summary": {"covered_lines": 13, "num_statements": 13, "percent_covered": 100.0, "percent_covered_display": "100", "missing_lines": 0, "excluded_lines": 0, "percent_statements_covered": 100.0, "percent_statements_covered_display": "100", "num_branches": 0, "num_partial_branches": 0, "covered_branches": 0, "missing_branches": 0, "percent_branches_covered": 100.0, "percent_branches_covered_display": "100"}, "missing_lines": [], "excluded_lines": [], "start_line": 1, "executed_branches": [], "missing_branches": []}}, "classes": {"": {"executed_lines": [3, 5, 6, 7, 8, 10, 11, 12, 14, 15, 16, 18, 21, 28, 35, 61, 62, 64, 66, 69, 71, 72, 73, 83, 84, 85, 86, 89, 91, 92, 93, 94, 95, 99, 106, 125, 126, 127, 134, 135, 136, 137, 140, 142, 143, 144, 145, 146, 150, 157, 186, 188, 189, 191, 193, 195, 197, 198, 199, 200, 202, 203, 209, 211, 212, 213, 215, 216, 217, 218, 219, 221, 223, 224, 225, 235, 236, 237, 238, 244, 245, 252, 255, 256, 257, 264, 265, 266, 267, 273, 274, 281, 282, 284, 285, 286, 287, 288, 289, 290, 291, 293, 294, 296, 297, 298, 302, 315, 316, 317, 318, 319, 327, 334, 356, 357, 358, 360, 361, 362, 363, 364, 365, 366, 373, 378, 379, 380, 381, 382, 383, 384, 385, 386, 393, 398, 399, 400, 401, 402, 404, 405, 406, 407, 409, 410, 411, 412, 413, 414, 415, 416, 417, 419, 420, 421, 422, 423, 425, 427, 428, 429, 430, 431], "summary": {"covered_lines": 164, "num_statements": 171, "percent_covered": 91.91489361702128, "percent_covered_display": "92", "missing_lines": 7, "excluded_lines": 0, "percent_statements_covered": 95.90643274853801, "percent_statements_covered_display": "96", "num_branches": 64, "num_partial_branches": 12, "covered_branches": 52, "missing_branches": 12, "percent_branches_covered": 81.25, "percent_branches_covered_display": "81"}, "missing_lines": [63, 65, 67, 190, 192, 194, 253], "excluded_lines": [], "start_line": 1, "executed_branches": [[62, 64], [64, 66], [66, 69], [84, 85], [84, 86], [135, 136], [135, 137], [189, 191], [191, 193], [193, 195], [202, 203], [202, 211], [215, 216], [215, 296], [217, 218], [217, 219], [223, 224], [223, 255], [235, 236], [235, 255], [237, 238], [255, 256], [255, 284], [264, 265], [264, 284], [266, 267], [284, 285], [284, 293], [285, 286], [285, 288], [289, 290], [293, 215], [293, 294], [362, 363], [362, 382], [364, 365], [382, 383], [382, 402], [384, 385], [404, 405], [404, 425], [406, 407], [406, 409], [410, 404], [410, 411], [411, 412], [411, 421], [414, 415], [414, 420], [416, 417], [416, 419], [421, 422]], "missing_branches": [[62, 63], [64, 65], [66, 67], [189, 190], [191, 192], [193, 194], [237, 235], [266, 264], [289, 284], [364, 381], [384, 401], [421, 410]]}}}, "src/scholar_mcp/_tools_pdf.py": {"executed_lines": [3, 5, 6, 7, 8, 10, 11, 12, 14, 15, 17, 19, 22, 29, 37, 53, 54, 55, 56, 64, 65, 66, 67, 68, 70, 71, 72, 73, 74, 78, 79, 80, 83, 84, 89, 91, 92, 93, 107, 109, 110, 127, 128, 129, 130, 138, 139, 140, 141, 143, 144, 145, 148, 149, 153, 161, 180, 181, 183, 184, 188, 189, 190, 191, 192, 200, 201, 203, 204, 211, 213, 214, 216, 224, 225, 233, 241, 260, 261, 262, 273, 274, 275, 278, 279, 280, 281, 283, 284, 285, 286, 287, 288, 298, 307, 308, 309, 322, 323, 324, 325, 327, 337, 338], "summary": {"covered_lines": 104, "num_statements": 129, "percent_covered": 76.12903225806451, "percent_covered_display": "76", "missing_lines": 25, "excluded_lines": 0, "percent_statements_covered": 80.62015503875969, "percent_statements_covered_display": "81", "num_branches": 26, "num_partial_branches": 6, "covered_branches": 14, "missing_branches": 12, "percent_branches_covered": 53.84615384615385, "percent_branches_covered_display": "54"}, "missing_lines": [57, 69, 75, 96, 97, 98, 101, 117, 118, 119, 120, 185, 207, 208, 209, 263, 264, 265, 266, 276, 289, 290, 299, 312, 313], "excluded_lines": [], "executed_branches": [[56, 64], [68, 70], [129, 130], [129, 138], [143, 144], [143, 148], [180, 181], [180, 183], [184, 188], [190, 191], [190, 200], [275, 278], [283, 284], [298, 307]], "missing_branches": [[56, 57], [68, 69], [97, 98], [97, 101], [118, 119], [118, 120], [184, 185], [264, 265], [264, 266], [275, 276], [283, 298], [298, 299]], "functions": {"register_pdf_tools": {"executed_lines": [29, 37, 153, 161, 233, 241], "summary": {"covered_lines": 6, "num_statements": 6, "percent_covered": 100.0, "percent_covered_display": "100", "missing_lines": 0, "excluded_lines": 0, "percent_statements_covered": 100.0, "percent_statements_covered_display": "100", "num_branches": 0, "num_partial_branches": 0, "covered_branches": 0, "missing_branches": 0, "percent_branches_covered": 100.0, "percent_branches_covered_display": "100"}, "missing_lines": [], "excluded_lines": [], "start_line": 22, "executed_branches": [], "missing_branches": []}, "register_pdf_tools.fetch_paper_pdf": {"executed_lines": [53, 83, 84, 89, 91, 92, 93, 107, 109, 110, 127, 128, 129, 130, 138, 139, 140, 141, 143, 144, 145, 148, 149], "summary": {"covered_lines": 23, "num_statements": 31, "percent_covered": 69.23076923076923, "percent_covered_display": "69", "missing_lines": 8, "excluded_lines": 0, "percent_statements_covered": 74.19354838709677, "percent_statements_covered_display": "74", "num_branches": 8, "num_partial_branches": 0, "covered_branches": 4, "missing_branches": 4, "percent_branches_covered": 50.0, "percent_branches_covered_display": "50"}, "missing_lines": [96, 97, 98, 101, 117, 118, 119, 120], "excluded_lines": [], "start_line": 37, "executed_branches": [[129, 130], [129, 138], [143, 144], [143, 148]], "missing_branches": [[97, 98], [97, 101], [118, 119], [118, 120]]}, "register_pdf_tools.fetch_paper_pdf._download": {"executed_lines": [54, 55, 56, 64, 65, 66, 67, 68, 70, 71, 72, 73, 74, 78, 79, 80], "summary": {"covered_lines": 16, "num_statements": 19, "percent_covered": 78.26086956521739, "percent_covered_display": "78", "missing_lines": 3, "excluded_lines": 0, "percent_statements_covered": 84.21052631578948, "percent_statements_covered_display": "84", "num_branches": 4, "num_partial_branches": 2, "covered_branches": 2, "missing_branches": 2, "percent_branches_covered": 50.0, "percent_branches_covered_display": "50"}, "missing_lines": [57, 69, 75], "excluded_lines": [], "start_line": 53, "executed_branches": [[56, 64], [68, 70]], "missing_branches": [[56, 57], [68, 69]]}, "register_pdf_tools.convert_pdf_to_markdown": {"executed_lines": [180, 181, 183, 184, 188, 189, 190, 191, 192, 200, 224, 225], "summary": {"covered_lines": 12, "num_statements": 13, "percent_covered": 89.47368421052632, "percent_covered_display": "89", "missing_lines": 1, "excluded_lines": 0, "percent_statements_covered": 92.3076923076923, "percent_statements_covered_display": "92", "num_branches": 6, "num_partial_branches": 1, "covered_branches": 5, "missing_branches": 1, "percent_branches_covered": 83.33333333333333, "percent_branches_covered_display": "83"}, "missing_lines": [185], "excluded_lines": [], "start_line": 161, "executed_branches": [[180, 181], [180, 183], [184, 188], [190, 191], [190, 200]], "missing_branches": [[184, 185]]}, "register_pdf_tools.convert_pdf_to_markdown._execute": {"executed_lines": [201, 203, 204, 211, 213, 214, 216], "summary": {"covered_lines": 7, "num_statements": 10, "percent_covered": 70.0, "percent_covered_display": "70", "missing_lines": 3, "excluded_lines": 0, "percent_statements_covered": 70.0, "percent_statements_covered_display": "70", "num_branches": 0, "num_partial_branches": 0, "covered_branches": 0, "missing_branches": 0, "percent_branches_covered": 100.0, "percent_branches_covered_display": "100"}, "missing_lines": [207, 208, 209], "excluded_lines": [], "start_line": 200, "executed_branches": [], "missing_branches": []}, "register_pdf_tools.fetch_and_convert": {"executed_lines": [260, 337, 338], "summary": {"covered_lines": 3, "num_statements": 3, "percent_covered": 100.0, "percent_covered_display": "100", "missing_lines": 0, "excluded_lines": 0, "percent_statements_covered": 100.0, "percent_statements_covered_display": "100", "num_branches": 0, "num_partial_branches": 0, "covered_branches": 0, "missing_branches": 0, "percent_branches_covered": 100.0, "percent_branches_covered_display": "100"}, "missing_lines": [], "excluded_lines": [], "start_line": 241, "executed_branches": [], "missing_branches": []}, "register_pdf_tools.fetch_and_convert._execute": {"executed_lines": [261, 262, 273, 274, 275, 278, 279, 280, 281, 283, 284, 285, 286, 287, 288, 298, 307, 308, 309, 322, 323, 324, 325, 327], "summary": {"covered_lines": 24, "num_statemen
[...]
2, 116, 118, 121], "excluded_lines": [], "start_line": 84, "executed_branches": [], "missing_branches": [[98, 99], [98, 101], [101, 102], [101, 116]]}, "cache_group": {"executed_lines": [], "summary": {"covered_lines": 0, "num_statements": 0, "percent_covered": 100.0, "percent_covered_display": "100", "missing_lines": 0, "excluded_lines": 0, "percent_statements_covered": 100.0, "percent_statements_covered_display": "100", "num_branches": 0, "num_partial_branches": 0, "covered_branches": 0, "missing_branches": 0, "percent_branches_covered": 100.0, "percent_branches_covered_display": "100"}, "missing_lines": [], "excluded_lines": [], "start_line": 125, "executed_branches": [], "missing_branches": []}, "cache_stats": {"executed_lines": [138, 139, 141, 154], "summary": {"covered_lines": 4, "num_statements": 4, "percent_covered": 100.0, "percent_covered_display": "100", "missing_lines": 0, "excluded_lines": 0, "percent_statements_covered": 100.0, "percent_statements_covered_display": "100", "num_branches": 0, "num_partial_branches": 0, "covered_branches": 0, "missing_branches": 0, "percent_branches_covered": 100.0, "percent_branches_covered_display": "100"}, "missing_lines": [], "excluded_lines": [], "start_line": 136, "executed_branches": [], "missing_branches": []}, "cache_stats._run": {"executed_lines": [142, 143, 144, 145, 146, 147, 148, 149, 150, 151, 152], "summary": {"covered_lines": 11, "num_statements": 11, "percent_covered": 100.0, "percent_covered_display": "100", "missing_lines": 0, "excluded_lines": 0, "percent_statements_covered": 100.0, "percent_statements_covered_display": "100", "num_branches": 4, "num_partial_branches": 0, "covered_branches": 4, "missing_branches": 0, "percent_branches_covered": 100.0, "percent_branches_covered_display": "100"}, "missing_lines": [], "excluded_lines": [], "start_line": 141, "executed_branches": [[144, 145], [144, 147], [151, -141], [151, 152]], "missing_branches": []}, "cache_clear": {"executed_lines": [177, 178, 180, 195], "summary": {"covered_lines": 4, "num_statements": 4, "percent_covered": 100.0, "percent_covered_display": "100", "missing_lines": 0, "excluded_lines": 0, "percent_statements_covered": 100.0, "percent_statements_covered_display": "100", "num_branches": 0, "num_partial_branches": 0, "covered_branches": 0, "missing_branches": 0, "percent_branches_covered": 100.0, "percent_branches_covered_display": "100"}, "missing_lines": [], "excluded_lines": [], "start_line": 171, "executed_branches": [], "missing_branches": []}, "cache_clear._run": {"executed_lines": [181, 182, 183, 184, 185, 186, 187, 188, 189, 190, 191, 193], "summary": {"covered_lines": 12, "num_statements": 12, "percent_covered": 100.0, "percent_covered_display": "100", "missing_lines": 0, "excluded_lines": 0, "percent_statements_covered": 100.0, "percent_statements_covered_display": "100", "num_branches": 4, "num_partial_branches": 0, "covered_branches": 4, "missing_branches": 0, "percent_branches_covered": 100.0, "percent_branches_covered_display": "100"}, "missing_lines": [], "excluded_lines": [], "start_line": 180, "executed_branches": [[183, 184], [183, 186], [190, 191], [190, 193]], "missing_branches": []}, "main": {"executed_lines": [], "summary": {"covered_lines": 0, "num_statements": 1, "percent_covered": 0.0, "percent_covered_display": "0", "missing_lines": 1, "excluded_lines": 0, "percent_statements_covered": 0.0, "percent_statements_covered_display": "0", "num_branches": 0, "num_partial_branches": 0, "covered_branches": 0, "missing_branches": 0, "percent_branches_covered": 100.0, "percent_branches_covered_display": "100"}, "missing_lines": [200], "excluded_lines": [], "start_line": 198, "executed_branches": [], "missing_branches": []}, "": {"executed_lines": [7, 9, 10, 11, 12, 14, 16, 18, 20, 21, 24, 48, 49, 50, 51, 65, 66, 73, 76, 79, 84, 124, 125, 129, 130, 136, 157, 158, 165, 171, 198], "summary": {"covered_lines": 31, "num_statements": 31, "percent_covered": 100.0, "percent_covered_display": "100", "missing_lines": 0, "excluded_lines": 2, "percent_statements_covered": 100.0, "percent_statements_covered_display": "100", "num_branches": 0, "num_partial_branches": 0, "covered_branches": 0, "missing_branches": 0, "percent_branches_covered": 100.0, "percent_branches_covered_display": "100"}, "missing_lines": [], "excluded_lines": [203, 204], "start_line": 1, "executed_branches": [], "missing_branches": []}}, "classes": {"": {"executed_lines": [7, 9, 10, 11, 12, 14, 16, 18, 20, 21, 24, 48, 49, 50, 51, 53, 54, 58, 61, 62, 65, 66, 73, 76, 79, 84, 124, 125, 129, 130, 136, 138, 139, 141, 142, 143, 144, 145, 146, 147, 148, 149, 150, 151, 152, 154, 157, 158, 165, 171, 177, 178, 180, 181, 182, 183, 184, 185, 186, 187, 188, 189, 190, 191, 193, 195, 198], "summary": {"covered_lines": 67, "num_statements": 102, "percent_covered": 61.29032258064516, "percent_covered_display": "61", "missing_lines": 35, "excluded_lines": 2, "percent_statements_covered": 65.68627450980392, "percent_statements_covered_display": "66", "num_branches": 22, "num_partial_branches": 1, "covered_branches": 9, "missing_branches": 13, "percent_branches_covered": 40.90909090909091, "percent_branches_covered_display": "41"}, "missing_lines": [36, 37, 38, 39, 40, 41, 42, 43, 44, 45, 59, 60, 86, 87, 88, 89, 92, 94, 95, 96, 98, 99, 101, 102, 103, 104, 105, 108, 110, 111, 112, 116, 118, 121, 200], "excluded_lines": [203, 204], "start_line": 1, "executed_branches": [[58, 61], [144, 145], [144, 147], [151, -141], [151, 152], [183, 184], [183, 186], [190, 191], [190, 193]], "missing_branches": [[36, 37], [36, 38], [39, 40], [39, 41], [41, 42], [41, 43], [43, 44], [43, 45], [58, 59], [98, 99], [98, 101], [101, 102], [101, 116]]}}}, "src/scholar_mcp/config.py": {"executed_lines": [3, 5, 6, 7, 9, 12, 13, 29, 30, 31, 32, 33, 34, 35, 36, 39, 48, 50, 51, 54, 60, 62, 63, 64, 65, 66, 68, 69, 71], "summary": {"covered_lines": 29, "num_statements": 29, "percent_covered": 100.0, "percent_covered_display": "100", "missing_lines": 0, "excluded_lines": 0, "percent_statements_covered": 100.0, "percent_statements_covered_display": "100", "num_branches": 2, "num_partial_branches": 0, "covered_branches": 2, "missing_branches": 0, "percent_branches_covered": 100.0, "percent_branches_covered_display": "100"}, "missing_lines": [], "excluded_lines": [], "executed_branches": [[64, 65], [64, 66]], "missing_branches": [], "functions": {"get_log_level": {"executed_lines": [48, 50, 51], "summary": {"covered_lines": 3, "num_statements": 3, "percent_covered": 100.0, "percent_covered_display": "100", "missing_lines": 0, "excluded_lines": 0, "percent_statements_covered": 100.0, "percent_statements_covered_display": "100", "num_branches": 0, "num_partial_branches": 0, "covered_branches": 0, "missing_branches": 0, "percent_branches_covered": 100.0, "percent_branches_covered_display": "100"}, "missing_lines": [], "excluded_lines": [], "start_line": 39, "executed_branches": [], "missing_branches": []}, "load_config": {"executed_lines": [60, 62, 68, 71], "summary": {"covered_lines": 4, "num_statements": 4, "percent_covered": 100.0, "percent_covered_display": "100", "missing_lines": 0, "excluded_lines": 0, "percent_statements_covered": 100.0, "percent_statements_covered_display": "100", "num_branches": 0, "num_partial_branches": 0, "covered_branches": 0, "missing_branches": 0, "percent_branches_covered": 100.0, "percent_branches_covered_display": "100"}, "missing_lines": [], "excluded_lines": [], "start_line": 54, "executed_branches": [], "missing_branches": []}, "load_config._bool": {"executed_lines": [63, 64, 65, 66], "summary": {"covered_lines": 4, "num_statements": 4, "percent_covered": 100.0, "percent_covered_display": "100", "missing_lines": 0, "excluded_lines": 0, "percent_statements_covered": 100.0, "percent_statements_covered_display": "100", "num_branches": 2, "num_partial_branches": 0, "covered_branches": 2, "missing_branches": 0, "percent_branches_covered": 100.0, "percent_branches_covered_display": "100"}, "missing_lines": [], "excluded_lines": [], "start_line": 62, "executed_branches": [[64, 65], [64, 66]], "missing_branches": []}, "load_config._str": {"executed_lines": [69], "summary": {"covered_lines": 1, "num_statements": 1, "percent_covered": 100.0, "percent_covered_display": "100", "missing_lines": 0, "excluded_lines": 0, "percent_statements_covered": 100.0, "percent_statements_covered_display": "100", "num_branches": 0, "num_partial_branches": 0, "covered_branches": 0, "missing_branches": 0, "percent_branches_covered": 100.0, "percent_branches_covered_display": "100"}, "missing_lines": [], "excluded_lines": [], "start_line": 68, "executed_branches": [], "missing_branches": []}, "": {"executed_lines": [3, 5, 6, 7, 9, 12, 13, 29, 30, 31, 32, 33, 34, 35, 36, 39, 54], "summary": {"covered_lines": 17, "num_statements": 17, "percent_covered": 100.0, "percent_covered_display": "100", "missing_lines": 0, "excluded_lines": 0, "percent_statements_covered": 100.0, "percent_statements_covered_display": "100", "num_branches": 0, "num_partial_branches": 0, "covered_branches": 0, "missing_branches": 0, "percent_branches_covered": 100.0, "percent_branches_covered_display": "100"}, "missing_lines": [], "excluded_lines": [], "start_line": 1, "executed_branches": [], "missing_branches": []}}, "classes": {"ServerConfig": {"executed_lines": [], "summary": {"covered_lines": 0, "num_statements": 0, "percent_covered": 100.0, "percent_covered_display": "100", "missing_lines": 0, "excluded_lines": 0, "percent_statements_covered": 100.0, "percent_statements_covered_display": "100", "num_branches": 0, "num_partial_branches": 0, "covered_branches": 0, "missing_branches": 0, "percent_branches_covered": 100.0, "percent_branches_covered_display": "100"}, "missing_lines": [], "excluded_lines": [], "start_line": 13, "executed_branches": [], "missing_branches": []}, "": {"executed_lines": [3, 5, 6, 7, 9, 12, 13, 29, 30, 31, 32, 33, 34, 35, 36, 39, 48, 50, 51, 54, 60, 62, 63, 64, 65, 66, 68, 69, 71], "summary": {"covered_lines": 29, "num_statements": 29, "percent_covered": 100.0, "percent_covered_display": "100", "missing_lines": 0, "excluded_lines": 0, "percent_statements_covered": 100.0, "percent_statements_covered_display": "100", "num_branches": 2, "num_partial_branches": 0, "covered_branches": 2, "missing_branches": 0, "percent_branches_covered": 100.0, "percent_branches_covered_display": "100"}, "missing_lines": [], "excluded_lines": [], "start_line": 1, "executed_branches": [[64, 65], [64, 66]], "missing_branches": []}}}, "src/scholar_mcp/mcp_server.py": {"executed_lines": [12, 14, 15, 16, 17, 19, 21, 23, 24, 25, 26, 28, 36, 46, 51, 59, 73, 74, 75, 76, 77, 78, 83, 84, 85, 86, 88, 89, 92, 94, 95, 98, 100, 103, 121, 122, 124, 125, 129, 130, 133, 137, 138, 146, 147, 148, 149, 150, 151, 155, 156, 157, 158, 163, 179, 181, 187, 194, 206, 207, 208, 209, 210, 211, 213, 218, 236, 237, 238, 239, 241, 255, 256, 262, 265, 266, 267, 271, 274, 276, 297, 305, 306, 312, 313, 322, 334, 354, 376, 377, 379, 380, 381, 383, 387, 388, 389, 390, 391, 392, 393, 394, 396, 403, 404, 409, 410, 411, 414, 415, 416, 417, 418, 419, 420, 421, 423, 424, 425, 427, 434, 441, 442, 443, 447, 448, 450], "summary": {"covered_lines": 127, "num_statements": 139, "percent_covered": 89.83050847457628, "percent_covered_display": "90", "missing_lines": 12, "excluded_lines": 0, "percent_statements_covered": 91.36690647482014, "percent_statements_covered_display": "91", "num_branches": 38, "num_partial_branches": 6, "covered_branches": 32, "missing_branches": 6, "percent_branches_covered": 84.21052631578948, "percent_branches_covered_display": "84"}, "missing_lines": [139, 140, 242, 252, 253, 257, 258, 298, 317, 349, 351, 397], "excluded_lines": [], "executed_branches": [[74, 75], [74, 77], [77, 78], [77, 83], [88, 89], [88, 94], [94, 95], [94, 100], [124, 125], [124, 129], [157, 158], [157, 163], [207, 208], [207, 210], [241, 255], [297, 305], [305, 306], [312, 313], [389, 390], [389, 396], [391, 392], [391, 393], [393, 394], [396, 403], [403, 404], [403, 414], [414, 415], [414, 418], [418, 419], [418, 423], [447, 448], [447, 450]], "missing_branches": [[241, 242], [297, 298], [305, 312], [312, 317], [393, 396], [396, 397]], "functions": {"_build_default_instructions": {"executed_lines": [46, 51], "summary": {"covered_lines": 2, "num_statements": 2, "percent_covered": 100.0, "percent_covered_display": "100", "missing_lines": 0, "excluded_lines": 0, "percent_statements_covered": 100.0, "percent_statements_covered_display": "100", "num_branches": 0, "num_partial_branches": 0, "covered_branches": 0, "missing_branches": 0, "percent_branches_covered": 100.0, "percent_branches_covered_display": "100"}, "missing_lines": [], "excluded_lines": [], "start_line": 36, "executed_branches": [], "missing_branches": []}, "_resolve_auth_mode": {"executed_lines": [73, 74, 75, 76, 77, 78, 83, 84, 85, 86, 88, 89, 92, 94, 95, 98, 100], "summary": {"covered_lines": 17, "num_statements": 17, "percent_covered": 100.0, "percent_covered_display": "100", "missing_lines": 0, "excluded_lines": 0, "percent_statements_covered": 100.0, "percent_statements_covered_display": "100", "num_branches": 8, "num_partial_branches": 0, "covered_branches": 8, "missing_branches": 0, "percent_branches_covered": 100.0, "percent_branches_covered_display": "100"}, "missing_lines": [], "excluded_lines": [], "start_line": 59, "executed_branches": [[74, 75], [74, 77], [77, 78], [77, 83], [88, 89], [88, 94], [94, 95], [94, 100]], "missing_branches": []}, "_build_remote_auth": {"executed_lines": [121, 122, 124, 125, 129, 130, 133, 137, 138, 146, 147, 148, 149, 150, 151, 155, 156, 157, 158, 163, 179, 181, 187], "summary": {"covered_lines": 23, "num_statements": 25, "percent_covered": 93.10344827586206, "percent_covered_display": "93", "missing_lines": 2, "excluded_lines": 0, "percent_statements_covered": 92.0, "percent_statements_covered_display": "92", "num_branches": 4, "num_partial_branches": 0, "covered_branches": 4, "missing_branches": 0, "percent_branches_covered": 100.0, "percent_branches_covered_display": "100"}, "missing_lines": [139, 140], "excluded_lines": [], "start_line": 103, "executed_branches": [[124, 125], [124, 129], [157, 158], [157, 163]], "missing_branches": []}, "_build_bearer_auth": {"executed_lines": [206, 207, 208, 209, 210, 211, 213], "summary": {"covered_lines": 7, "num_statements": 7, "percent_covered": 100.0, "percent_covered_display": "100", "missing_lines": 0, "excluded_lines": 0, "percent_statements_covered": 100.0, "percent_statements_covered_display": "100", "num_branches": 2, "num_partial_branches": 0, "covered_branches": 2, "missing_branches": 0, "percent_branches_covered": 100.0, "percent_branches_covered_display": "100"}, "missing_lines": [], "excluded_lines": [], "start_line": 194, "executed_branches": [[207, 208], [207, 210]], "missing_branches": []}, "_build_oidc_auth": {"executed_lines": [236, 237, 238, 239, 241, 255, 256, 262, 265, 266, 267, 271, 274, 276, 297, 305, 306, 312, 313, 322], "summary": {"covered_lines": 20, "num_statements": 27, "percent_covered": 68.57142857142857, "percent_covered_display": "69", "missing_lines": 7, "excluded_lines": 0, "percent_statements_covered": 74.07407407407408, "percent_statements_covered_display": "74", "num_branches": 8, "num_partial_branches": 4, "covered_branches": 4, "missing_branches": 4, "percent_branches_covered": 50.0, "percent_branches_covered_display": "50"}, "missing_lines": [242, 252, 253, 257, 258, 298, 317], "excluded_lines": [], "start_line": 218, "executed_branches": [[241, 255], [297, 305], [305, 306], [312, 313]], "missing_branches": [[241, 242], [297, 298], [305, 312], [312, 317]]}, "build_event_store": {"executed_lines": [], "summary": {"covered_lines": 0, "num_statements": 2, "percent_covered": 0.0, "percent_covered_display": "0", "missing_lines": 2, "excluded_lines": 0, "percent_statements_covered": 0.0, "percent_statements_covered_display": "0", "num_branches": 0, "num_partial_branches": 0, "covered_branches": 0, "missing_branches": 0, "percent_branches_covered": 100.0, "percent_branches_covered_display": "100"}, "missing_lines": [349, 351], "excluded_lines": [], "start_line": 334, "executed_branches": [], "missing_branches": []}, "create_server": {"executed_lines": [376, 377, 379, 380, 381, 383, 387, 388, 389, 390, 391, 392, 393, 394, 396, 403, 404, 409, 410, 411, 414, 415, 416, 417, 418, 419, 420, 421, 423, 424, 425, 427, 434, 441, 442, 443, 447, 448, 450], "summary": {"covered_lines": 39, "num_statements": 40, "percent_covered": 94.64285714285714, "percent_covered_display": "95", "missing_lines": 1, "excluded_lines": 0, "percent_statements_covered": 97.5, "percent_statements_covered_display": "98", "num_branches": 16, "num_partial_branches": 2, "covered_branches": 14, "missing_branches": 2, "percent_branches_covered": 87.5, "percent_branches_covered_display": "88"}, "missing_lines": [397], "excluded_lines": [], "start_line": 354, "executed_branches": [[389, 390], [389, 396], [391, 392], [391, 393], [393, 394], [396, 403], [403, 404], [403, 414], [414, 415], [414, 418], [418, 419], [418, 423], [447, 448], [447, 450]], "missing_branches": [[393, 396], [396, 397]]}, "": {"executed_lines": [12, 14, 15, 16, 17, 19, 21, 23, 24, 25, 26, 28, 36, 59, 103, 194, 218, 334, 354], "summary": {"covered_lines": 19, "num_statements": 19, "percent_covered": 100.0, "percent_covered_display": "100", "missing_lines": 0, "excluded_lines": 0, "percent_statements_covered": 100.0, "percent_statements_covered_display": "100", "num_branches": 0, "num_partial_branches": 0, "covered_branches": 0, "missing_branches": 0, "percent_branches_covered": 100.0, "percent_branches_covered_display": "100"}, "missing_lines": [], "excluded_lines": [], "start_line": 1, "executed_branches": [], "missing_branches": []}}, "classes": {"": {"executed_lines": [12, 14, 15, 16, 17, 19, 21, 23, 24, 25, 26, 28, 36, 46, 51, 59, 73, 74, 75, 76, 77, 78, 83, 84, 85, 86, 88, 89, 92, 94, 95, 98, 100, 103, 121, 122, 124, 125, 129, 130, 133, 137, 138, 146, 147, 148, 149, 150, 151, 155, 156, 157, 158, 163, 179, 181, 187, 194, 206, 207, 208, 209, 210, 211, 213, 218, 236, 237, 238, 239, 241, 255, 256, 262, 265, 266, 267, 271, 274, 276, 297, 305, 306, 312, 313, 322, 334, 354, 376, 377, 379, 380, 381, 383, 387, 388, 389, 390, 391, 392, 393, 394, 396, 403, 404, 409, 410, 411, 414, 415, 416, 417, 418, 419, 420, 421, 423, 424, 425, 427, 434, 441, 442, 443, 447, 448, 450], "summary": {"covered_lines": 127, "num_statements": 139, "percent_covered": 89.83050847457628, "percent_covered_display": "90", "missing_lines": 12, "excluded_lines": 0, "percent_statements_covered": 91.36690647482014, "percent_statements_covered_display": "91", "num_branches": 38, "num_partial_branches": 6, "covered_branches": 32, "missing_branches": 6, "percent_branches_covered": 84.21052631578948, "percent_branches_covered_display": "84"}, "missing_lines": [139, 140, 242, 252, 253, 257, 258, 298, 317, 349, 351, 397], "excluded_lines": [], "start_line": 1, "executed_branches": [[74, 75], [74, 77], [77, 78], [77, 83], [88, 89], [88, 94], [94, 95], [94, 100], [124, 125], [124, 129], [157, 158], [157, 163], [207, 208], [207, 210], [241, 255], [297, 305], [305, 306], [312, 313], [389, 390], [389, 396], [391, 392], [391, 393], [393, 394], [396, 403], [403, 404], [403, 414], [414, 415], [414, 418], [418, 419], [418, 423], [447, 448], [447, 450]], "missing_branches": [[241, 242], [297, 298], [305, 312], [312, 317], [393, 396], [396, 397]]}}}}, "totals": {"covered_lines": 1089, "num_statements": 1220, "percent_covered": 86.63101604278074, "percent_covered_display": "87", "missing_lines": 131, "excluded_lines": 3, "percent_statements_covered": 89.26229508196721, "percent_statements_covered_display": "89", "num_branches": 276, "num_partial_branches": 43, "covered_branches": 207, "missing_branches": 69, "percent_branches_covered": 75.0, "percent_branches_covered_display": "75"}}